2025-03-16 15:03:45.501 - DBeaver 24.2.4.202411031831 is starting
2025-03-16 15:03:45.502 - OS: Linux 6.8.0-40-generic (amd64)
2025-03-16 15:03:45.502 - Java version: 17.0.6 by Eclipse Adoptium (64bit)
2025-03-16 15:03:45.503 - Install path: '/usr/share/dbeaver-ce'
2025-03-16 15:03:45.503 - Instance path: 'file:/home/guillermo/Documents/SINC/Research/RNA/AEseq2seq/metric_analysis/'
2025-03-16 15:03:45.505 - Memory available 64Mb/1024Mb
2025-03-16 15:03:45.506 - Create display
2025-03-16 15:03:45.653 - Starting instance server at http://localhost:37885
2025-03-16 15:03:45.660 - Run workbench
> Start Eclipse e4 Workbench SWT [org.eclipse.e4.ui.workbench.swt 0.17.500.v20240807-0911]
> Start Eclipse Application Services [org.eclipse.e4.core.services 2.4.400.v20240413-1529]
> Start Eclipse UI Application Services [org.eclipse.e4.ui.services 1.6.300.v20231201-1637]
> Start Eclipse e4 Progress View [org.eclipse.e4.ui.progress 0.4.600.v20240606-1020]
> Start Eclipse Bindings Support [org.eclipse.e4.ui.bindings 0.14.400.v20240321-1245]
> Start Eclipse e4 core commands [org.eclipse.e4.core.commands 1.1.400.v20240424-0444]
> Start EMF XML/XMI Persistence [org.eclipse.emf.ecore.xmi 2.38.0.v20240721-0634]
> Start Eclipse CSS SWT Theme Support [org.eclipse.e4.ui.css.swt.theme 0.14.400.v20240424-0956]
> Start Eclipse e4 Workbench Add-ons [org.eclipse.e4.ui.workbench.addons.swt 1.5.500.v20240620-1945]
> Start Eclipse e4 Workbench SWT Renderer [org.eclipse.e4.ui.workbench.renderers.swt 0.16.500.v20240727-1037]
> Start Eclipse Dependency Injection Extensions [org.eclipse.e4.core.di.extensions 0.18.300.v20240413-1529]
> Start Eclipse CSS SWT Support [org.eclipse.e4.ui.css.swt 0.15.400.v20240321-1245]
> Start Default Text Editor [org.eclipse.ui.editors 3.18.0.v20240807-0735]
> Start Text Editor Framework [org.eclipse.ui.workbench.texteditor 3.18.0.v20240819-1419]
> Start Internet Connection Management UI [org.eclipse.ui.net 1.5.400.v20240413-1529]
> Start Internet Connection Management [org.eclipse.core.net 1.5.500.v20240625-1706]
2025-03-16 15:03:47.257 - Configure workbench window
> Start DBeaver SQL Model [org.jkiss.dbeaver.model.sql 1.0.132.202411031831]
2025-03-16 15:03:47.403 - Total database drivers: 119 (119)
> Start Help System Core [org.eclipse.help 3.10.400.v20240415-0528]
2025-03-16 15:03:47.487 - Create actions
2025-03-16 15:03:47.497 - Disable Eclipse action set 'org.eclipse.ui.edit.text.actionSet.annotationNavigation'
2025-03-16 15:03:47.497 - Disable Eclipse action set 'org.eclipse.ui.WorkingSetActionSet'
2025-03-16 15:03:47.498 - Disable Eclipse action set 'org.eclipse.ui.actionSet.openFiles'
2025-03-16 15:03:47.498 - Create workbench actions
2025-03-16 15:03:48.345 - Initialize workbench window
2025-03-16 15:03:48.348 - Finish initialization
> Start DBeaver UI Editors - Data [org.jkiss.dbeaver.ui.editors.data 1.0.142.202411031831]
> Start DBeaver UI Editors - SQL [org.jkiss.dbeaver.ui.editors.sql 1.0.142.202411031831]
> Start GEF Classic Draw2d [org.eclipse.draw2d 3.17.0.202409021815]
> Start GEF Classic GEF (MVC) [org.eclipse.gef 3.19.0.202409021815]
> Start DBeaver ERD UI [org.jkiss.dbeaver.erd.ui 3.0.102.202411031831]
> Start DBeaver ERD Model [org.jkiss.dbeaver.erd.model 1.0.102.202411031831]
> Start DBeaver Dashboard UI [org.jkiss.dbeaver.ui.dashboard 1.0.139.202411031831]
> Start DBeaver Sample Database [org.jkiss.dbeaver.ext.sample.database 1.0.179.202411031831]
> Start DBeaver Tip of the day [org.jkiss.dbeaver.ext.ui.tipoftheday 1.0.148.202411031831]
2025-03-16 15:03:49.980 - Open [https://dbeaver.io/product/version.xml]
> Start DBeaver UI Editors - Connections [org.jkiss.dbeaver.ui.editors.connection 1.0.133.202411031831]
2025-03-16 15:05:50.041 - Open [https://repo1.maven.org/maven2/org/xerial/sqlite-jdbc/maven-metadata.xml]
2025-03-16 15:05:51.047 - Open [https://repo1.maven.org/maven2/org/xerial/sqlite-jdbc/3.49.1.0/sqlite-jdbc-3.49.1.0.pom]
2025-03-16 15:05:52.086 - Open [https://repo1.maven.org/maven2/org/xerial/sqlite-jdbc/3.49.1.0/sqlite-jdbc-3.49.1.0.jar]
2025-03-16 15:05:55.367 - Open [https://www.apache.org/licenses/LICENSE-2.0.txt]
2025-03-16 15:05:56.948 - Connect with 'mlruns.db' (sqlite_jdbc-193fadf9400-32aa4d84af8421d7)
> Start DBeaver JDBC Model [org.jkiss.dbeaver.model.jdbc 1.0.35.202411031831]
> Start DBeaver Generic Plug-in [org.jkiss.dbeaver.ext.generic 2.3.228.202411031831]
> Start DBeaver SQLite Model [org.jkiss.dbeaver.ext.sqlite 1.0.191.202411031831]
2025-03-16 15:05:57.046 - Execution context opened (mlruns.db; Main; 0)
2025-03-16 15:05:57.092 - path to '/home/guillermo/Documents/SINC/RNA/AEseq2seq/mlruns.db': '/home/guillermo/Documents/SINC/RNA' does not exist
org.jkiss.dbeaver.model.exec.DBCConnectException: path to '/home/guillermo/Documents/SINC/RNA/AEseq2seq/mlruns.db': '/home/guillermo/Documents/SINC/RNA' does not exist
	at org.jkiss.dbeaver.model.impl.jdbc.JDBCDataSource.openConnection(JDBCDataSource.java:255)
	at org.jkiss.dbeaver.model.impl.jdbc.JDBCDataSource.openConnection(JDBCDataSource.java:130)
	at org.jkiss.dbeaver.ext.generic.model.GenericDataSource.openConnection(GenericDataSource.java:160)
	at org.jkiss.dbeaver.model.impl.jdbc.JDBCExecutionContext.connect(JDBCExecutionContext.java:119)
	at org.jkiss.dbeaver.model.impl.jdbc.JDBCRemoteInstance.initializeMainContext(JDBCRemoteInstance.java:102)
	at org.jkiss.dbeaver.model.impl.jdbc.JDBCRemoteInstance.<init>(JDBCRemoteInstance.java:61)
	at org.jkiss.dbeaver.model.impl.jdbc.JDBCDataSource.initializeRemoteInstance(JDBCDataSource.java:122)
	at org.jkiss.dbeaver.ext.generic.model.GenericDataSource.<init>(GenericDataSource.java:125)
	at org.jkiss.dbeaver.ext.sqlite.model.SQLiteDataSource.<init>(SQLiteDataSource.java:50)
	at org.jkiss.dbeaver.ext.sqlite.model.SQLiteMetaModel.createDataSourceImpl(SQLiteMetaModel.java:154)
	at org.jkiss.dbeaver.ext.generic.GenericDataSourceProvider.openDataSource(GenericDataSourceProvider.java:57)
	at org.jkiss.dbeaver.registry.DataSourceDescriptor.openDataSource(DataSourceDescriptor.java:1395)
	at org.jkiss.dbeaver.registry.DataSourceDescriptor.connect0(DataSourceDescriptor.java:1266)
	at org.jkiss.dbeaver.registry.DataSourceDescriptor.connect(DataSourceDescriptor.java:1056)
	at org.jkiss.dbeaver.runtime.jobs.ConnectJob.run(ConnectJob.java:78)
	at org.jkiss.dbeaver.runtime.jobs.ConnectJob.runSync(ConnectJob.java:109)
	at org.jkiss.dbeaver.ui.actions.datasource.DataSourceHandler.connectToDataSource(DataSourceHandler.java:122)
	at org.jkiss.dbeaver.ui.actions.datasource.UIServiceConnectionsImpl.initConnection(UIServiceConnectionsImpl.java:87)
	at org.jkiss.dbeaver.model.DBUtils.initDataSource(DBUtils.java:2456)
	at org.jkiss.dbeaver.model.navigator.DBNDataSource.initializeNode(DBNDataSource.java:159)
	at org.jkiss.dbeaver.model.navigator.DBNDatabaseNode.getChildren(DBNDatabaseNode.java:226)
	at org.jkiss.dbeaver.model.navigator.DBNDatabaseNode.getChildren(DBNDatabaseNode.java:1)
	at org.jkiss.dbeaver.model.navigator.DBNUtils.getNodeChildrenFiltered(DBNUtils.java:94)
	at org.jkiss.dbeaver.ui.navigator.database.load.TreeLoadService.evaluate(TreeLoadService.java:49)
	at org.jkiss.dbeaver.ui.navigator.database.load.TreeLoadService.evaluate(TreeLoadService.java:1)
	at org.jkiss.dbeaver.ui.LoadingJob.run(LoadingJob.java:88)
	at org.jkiss.dbeaver.model.runtime.AbstractJob.run(AbstractJob.java:117)
	at org.eclipse.core.internal.jobs.Worker.run(Worker.java:63)
Caused by: java.sql.SQLException: path to '/home/guillermo/Documents/SINC/RNA/AEseq2seq/mlruns.db': '/home/guillermo/Documents/SINC/RNA' does not exist
	at org.sqlite.SQLiteConnection.open(SQLiteConnection.java:261)
	at org.sqlite.SQLiteConnection.<init>(SQLiteConnection.java:67)
	at org.sqlite.jdbc3.JDBC3Connection.<init>(JDBC3Connection.java:28)
	at org.sqlite.jdbc4.JDBC4Connection.<init>(JDBC4Connection.java:19)
	at org.sqlite.JDBC.createConnection(JDBC.java:106)
	at org.sqlite.JDBC.connect(JDBC.java:79)
	at org.jkiss.dbeaver.model.impl.jdbc.JDBCConnectionOpener.run(JDBCConnectionOpener.java:109)
	at org.jkiss.dbeaver.model.impl.jdbc.JDBCConnectionOpener.run(JDBCConnectionOpener.java:83)
	at org.jkiss.dbeaver.model.impl.jdbc.JDBCDataSource.openConnection(JDBCDataSource.java:211)
	... 27 more
2025-03-16 15:06:04.026 - Connect with 'mlruns.db' (sqlite_jdbc-193fadf9400-32aa4d84af8421d7)
2025-03-16 15:06:04.031 - Execution context opened (mlruns.db; Main; 1)
2025-03-16 15:06:04.032 - path to '/home/guillermo/Documents/SINC/RNA/AEseq2seq/mlruns.db': '/home/guillermo/Documents/SINC/RNA' does not exist
org.jkiss.dbeaver.model.exec.DBCConnectException: path to '/home/guillermo/Documents/SINC/RNA/AEseq2seq/mlruns.db': '/home/guillermo/Documents/SINC/RNA' does not exist
	at org.jkiss.dbeaver.model.impl.jdbc.JDBCDataSource.openConnection(JDBCDataSource.java:255)
	at org.jkiss.dbeaver.model.impl.jdbc.JDBCDataSource.openConnection(JDBCDataSource.java:130)
	at org.jkiss.dbeaver.ext.generic.model.GenericDataSource.openConnection(GenericDataSource.java:160)
	at org.jkiss.dbeaver.model.impl.jdbc.JDBCExecutionContext.connect(JDBCExecutionContext.java:119)
	at org.jkiss.dbeaver.model.impl.jdbc.JDBCRemoteInstance.initializeMainContext(JDBCRemoteInstance.java:102)
	at org.jkiss.dbeaver.model.impl.jdbc.JDBCRemoteInstance.<init>(JDBCRemoteInstance.java:61)
	at org.jkiss.dbeaver.model.impl.jdbc.JDBCDataSource.initializeRemoteInstance(JDBCDataSource.java:122)
	at org.jkiss.dbeaver.ext.generic.model.GenericDataSource.<init>(GenericDataSource.java:125)
	at org.jkiss.dbeaver.ext.sqlite.model.SQLiteDataSource.<init>(SQLiteDataSource.java:50)
	at org.jkiss.dbeaver.ext.sqlite.model.SQLiteMetaModel.createDataSourceImpl(SQLiteMetaModel.java:154)
	at org.jkiss.dbeaver.ext.generic.GenericDataSourceProvider.openDataSource(GenericDataSourceProvider.java:57)
	at org.jkiss.dbeaver.registry.DataSourceDescriptor.openDataSource(DataSourceDescriptor.java:1395)
	at org.jkiss.dbeaver.registry.DataSourceDescriptor.connect0(DataSourceDescriptor.java:1266)
	at org.jkiss.dbeaver.registry.DataSourceDescriptor.connect(DataSourceDescriptor.java:1056)
	at org.jkiss.dbeaver.runtime.jobs.ConnectJob.run(ConnectJob.java:78)
	at org.jkiss.dbeaver.runtime.jobs.ConnectJob.runSync(ConnectJob.java:109)
	at org.jkiss.dbeaver.ui.actions.datasource.DataSourceHandler.connectToDataSource(DataSourceHandler.java:122)
	at org.jkiss.dbeaver.ui.actions.datasource.UIServiceConnectionsImpl.initConnection(UIServiceConnectionsImpl.java:87)
	at org.jkiss.dbeaver.model.DBUtils.initDataSource(DBUtils.java:2456)
	at org.jkiss.dbeaver.model.navigator.DBNDataSource.initializeNode(DBNDataSource.java:159)
	at org.jkiss.dbeaver.model.navigator.DBNDatabaseNode.getChildren(DBNDatabaseNode.java:226)
	at org.jkiss.dbeaver.model.navigator.DBNDatabaseNode.getChildren(DBNDatabaseNode.java:1)
	at org.jkiss.dbeaver.model.navigator.DBNUtils.getNodeChildrenFiltered(DBNUtils.java:94)
	at org.jkiss.dbeaver.ui.navigator.database.load.TreeLoadService.evaluate(TreeLoadService.java:49)
	at org.jkiss.dbeaver.ui.navigator.database.load.TreeLoadService.evaluate(TreeLoadService.java:1)
	at org.jkiss.dbeaver.ui.LoadingJob.run(LoadingJob.java:88)
	at org.jkiss.dbeaver.model.runtime.AbstractJob.run(AbstractJob.java:117)
	at org.eclipse.core.internal.jobs.Worker.run(Worker.java:63)
Caused by: java.sql.SQLException: path to '/home/guillermo/Documents/SINC/RNA/AEseq2seq/mlruns.db': '/home/guillermo/Documents/SINC/RNA' does not exist
	at org.sqlite.SQLiteConnection.open(SQLiteConnection.java:261)
	at org.sqlite.SQLiteConnection.<init>(SQLiteConnection.java:67)
	at org.sqlite.jdbc3.JDBC3Connection.<init>(JDBC3Connection.java:28)
	at org.sqlite.jdbc4.JDBC4Connection.<init>(JDBC4Connection.java:19)
	at org.sqlite.JDBC.createConnection(JDBC.java:106)
	at org.sqlite.JDBC.connect(JDBC.java:79)
	at org.jkiss.dbeaver.model.impl.jdbc.JDBCConnectionOpener.run(JDBCConnectionOpener.java:109)
	at org.jkiss.dbeaver.model.impl.jdbc.JDBCConnectionOpener.run(JDBCConnectionOpener.java:83)
	at org.jkiss.dbeaver.model.impl.jdbc.JDBCDataSource.openConnection(JDBCDataSource.java:211)
	... 27 more
> Start Data Transfer UI [org.jkiss.dbeaver.data.transfer.ui 1.0.126.202411031831]
> Start DBeaver Generic UI Plug-in [org.jkiss.dbeaver.ext.generic.ui 1.0.118.202411031831]
2025-03-16 15:06:34.477 - Service 'org.jkiss.dbeaver.runtime.ui.UIServiceSecurity' not found
> Start DBeaver Data Transfer [org.jkiss.dbeaver.data.transfer 2.0.126.202411031831]
2025-03-16 15:06:58.397 - Service 'org.jkiss.dbeaver.runtime.ui.UIServiceSecurity' not found
2025-03-16 15:07:01.773 - Connect with 'jdbc:sqlite:/home/guillermo/Documents/SINC/Research/RNA/AEseq2seq/mlruns.db' (sqlite_jdbc-195a0234886-c1fe3c083169915)
2025-03-16 15:07:01.775 - Execution context opened (jdbc:sqlite:/home/guillermo/Documents/SINC/Research/RNA/AEseq2seq/mlruns.db; Main; 2)
2025-03-16 15:07:01.916 - Connected (sqlite_jdbc-195a0234886-c1fe3c083169915, SQLite JDBC [3.49.1.0])
2025-03-16 15:07:01.929 - Execution context closed (jdbc:sqlite:/home/guillermo/Documents/SINC/Research/RNA/AEseq2seq/mlruns.db, 2)
2025-03-16 15:07:01.929 - Disconnected (sqlite_jdbc-195a0234886-c1fe3c083169915)
2025-03-16 15:07:05.858 - Connect with 'mlruns.db' (sqlite_jdbc-193fadf9400-32aa4d84af8421d7)
2025-03-16 15:07:05.863 - Execution context opened (mlruns.db; Main; 3)
2025-03-16 15:07:05.876 - Connected (sqlite_jdbc-193fadf9400-32aa4d84af8421d7, SQLite JDBC [3.49.1.0])
> Start DBeaver SQL Terminal [org.jkiss.dbeaver.ui.editors.sql.terminal 1.0.118.202411031831]
> Start Core Compare Support [org.eclipse.compare.core 3.8.500.v20240524-2010]
> Start Console [org.eclipse.ui.console 3.14.100.v20240429-1358]
> Start Debug Core [org.eclipse.debug.core 3.21.500.v20240801-2219]
> Start DBeaver SQL Language Semantic Model [org.jkiss.dbeaver.model.lsm 1.0.37.202411031831]
2025-03-16 15:27:15.718 - No active connection
2025-03-16 15:27:24.365 - SWT resource leak detected
java.lang.Error: SWT Resource was not properly disposed
	at org.eclipse.swt.graphics.Resource.initNonDisposeTracking(Resource.java:172)
	at org.eclipse.swt.graphics.Resource.<init>(Resource.java:120)
	at org.eclipse.swt.graphics.Image.<init>(Image.java:251)
	at org.jkiss.dbeaver.ui.editors.sql.SQLEditor.refreshEditorIconAndTitle(SQLEditor.java:3067)
	at org.jkiss.dbeaver.ui.editors.sql.SQLEditor.onDataSourceChange(SQLEditor.java:2980)
	at org.jkiss.dbeaver.ui.editors.sql.SQLEditor.onDataSourceChange(SQLEditor.java:2953)
	at org.jkiss.dbeaver.ui.UIExecutionQueue.executeInUI(UIExecutionQueue.java:68)
	at org.eclipse.swt.widgets.RunnableLock.run(RunnableLock.java:40)
	at org.eclipse.swt.widgets.Synchronizer.runAsyncMessages(Synchronizer.java:132)
	at org.eclipse.swt.widgets.Display.runAsyncMessages(Display.java:5040)
	at org.eclipse.swt.widgets.Display.readAndDispatch(Display.java:4520)
	at org.eclipse.e4.ui.internal.workbench.swt.PartRenderingEngine$5.run(PartRenderingEngine.java:1151)
	at org.eclipse.core.databinding.observable.Realm.runWithDefault(Realm.java:339)
	at org.eclipse.e4.ui.internal.workbench.swt.PartRenderingEngine.run(PartRenderingEngine.java:1042)
	at org.eclipse.e4.ui.internal.workbench.E4Workbench.createAndRunUI(E4Workbench.java:153)
	at org.eclipse.ui.internal.Workbench.lambda$3(Workbench.java:639)
	at org.eclipse.core.databinding.observable.Realm.runWithDefault(Realm.java:339)
	at org.eclipse.ui.internal.Workbench.createAndRunWorkbench(Workbench.java:546)
	at org.eclipse.ui.PlatformUI.createAndRunWorkbench(PlatformUI.java:173)
	at org.jkiss.dbeaver.ui.app.standalone.DBeaverApplication.start(DBeaverApplication.java:293)
	at org.eclipse.equinox.internal.app.EclipseAppHandle.run(EclipseAppHandle.java:208)
	at org.eclipse.core.runtime.internal.adaptor.EclipseAppLauncher.runApplication(EclipseAppLauncher.java:143)
	at org.eclipse.core.runtime.internal.adaptor.EclipseAppLauncher.start(EclipseAppLauncher.java:109)
	at org.eclipse.core.runtime.adaptor.EclipseStarter.run(EclipseStarter.java:439)
	at org.eclipse.core.runtime.adaptor.EclipseStarter.run(EclipseStarter.java:271)
	at java.base/jdk.internal.reflect.NativeMethodAccessorImpl.invoke0(Native Method)
	at java.base/jdk.internal.reflect.NativeMethodAccessorImpl.invoke(Unknown Source)
	at java.base/jdk.internal.reflect.DelegatingMethodAccessorImpl.invoke(Unknown Source)
	at java.base/java.lang.reflect.Method.invoke(Unknown Source)
	at org.jkiss.dbeaver.launcher.DBeaverLauncher.invokeFramework(DBeaverLauncher.java:650)
	at org.jkiss.dbeaver.launcher.DBeaverLauncher.basicRun(DBeaverLauncher.java:610)
	at org.jkiss.dbeaver.launcher.DBeaverLauncher.run(DBeaverLauncher.java:1461)
	at org.jkiss.dbeaver.launcher.DBeaverLauncher.main(DBeaverLauncher.java:1434)
2025-03-16 15:28:18.275 - SWT resource leak detected
java.lang.Error: SWT Resource was not properly disposed
	at org.eclipse.swt.graphics.Resource.initNonDisposeTracking(Resource.java:172)
	at org.eclipse.swt.graphics.Resource.<init>(Resource.java:120)
	at org.eclipse.swt.graphics.Font.<init>(Font.java:109)
	at org.eclipse.jface.resource.ArrayFontDescriptor.createFont(ArrayFontDescriptor.java:78)
	at org.jkiss.dbeaver.ui.editors.sql.dialogs.SuggestionInformationControl.createContent(SuggestionInformationControl.java:93)
	at org.eclipse.jface.text.AbstractInformationControl.create(AbstractInformationControl.java:454)
	at org.jkiss.dbeaver.ui.editors.sql.dialogs.SuggestionInformationControl.<init>(SuggestionInformationControl.java:75)
	at org.jkiss.dbeaver.ui.editors.sql.dialogs.SuggestionInformationControlCreator.createInformationControl(SuggestionInformationControlCreator.java:28)
	at org.eclipse.jface.text.AbstractInformationControlManager.getInformationControl(AbstractInformationControlManager.java:829)
	at org.eclipse.jface.text.AbstractInformationControlManager.internalShowInformationControl(AbstractInformationControlManager.java:1138)
	at org.eclipse.jface.text.AbstractInformationControlManager.presentInformation(AbstractInformationControlManager.java:1120)
	at org.eclipse.jface.text.AbstractInformationControlManager.setInformation(AbstractInformationControlManager.java:431)
	at org.eclipse.jface.text.contentassist.AdditionalInfoController.computeInformation(AdditionalInfoController.java:567)
	at org.eclipse.jface.text.AbstractInformationControlManager.doShowInformation(AbstractInformationControlManager.java:1101)
	at org.eclipse.jface.text.AbstractInformationControlManager.showInformation(AbstractInformationControlManager.java:1091)
	at org.eclipse.jface.text.contentassist.AdditionalInfoController.showInformation(AdditionalInfoController.java:541)
	at org.eclipse.jface.text.contentassist.AdditionalInfoController$1.showInformation(AdditionalInfoController.java:478)
	at org.eclipse.jface.text.contentassist.AdditionalInfoController$Timer.lambda$1(AdditionalInfoController.java:362)
	at org.eclipse.swt.widgets.RunnableLock.run(RunnableLock.java:40)
	at org.eclipse.swt.widgets.Synchronizer.runAsyncMessages(Synchronizer.java:132)
	at org.eclipse.swt.widgets.Display.runAsyncMessages(Display.java:5040)
	at org.eclipse.swt.widgets.Display.readAndDispatch(Display.java:4520)
	at org.eclipse.e4.ui.internal.workbench.swt.PartRenderingEngine$5.run(PartRenderingEngine.java:1151)
	at org.eclipse.core.databinding.observable.Realm.runWithDefault(Realm.java:339)
	at org.eclipse.e4.ui.internal.workbench.swt.PartRenderingEngine.run(PartRenderingEngine.java:1042)
	at org.eclipse.e4.ui.internal.workbench.E4Workbench.createAndRunUI(E4Workbench.java:153)
	at org.eclipse.ui.internal.Workbench.lambda$3(Workbench.java:639)
	at org.eclipse.core.databinding.observable.Realm.runWithDefault(Realm.java:339)
	at org.eclipse.ui.internal.Workbench.createAndRunWorkbench(Workbench.java:546)
	at org.eclipse.ui.PlatformUI.createAndRunWorkbench(PlatformUI.java:173)
	at org.jkiss.dbeaver.ui.app.standalone.DBeaverApplication.start(DBeaverApplication.java:293)
	at org.eclipse.equinox.internal.app.EclipseAppHandle.run(EclipseAppHandle.java:208)
	at org.eclipse.core.runtime.internal.adaptor.EclipseAppLauncher.runApplication(EclipseAppLauncher.java:143)
	at org.eclipse.core.runtime.internal.adaptor.EclipseAppLauncher.start(EclipseAppLauncher.java:109)
	at org.eclipse.core.runtime.adaptor.EclipseStarter.run(EclipseStarter.java:439)
	at org.eclipse.core.runtime.adaptor.EclipseStarter.run(EclipseStarter.java:271)
	at java.base/jdk.internal.reflect.NativeMethodAccessorImpl.invoke0(Native Method)
	at java.base/jdk.internal.reflect.NativeMethodAccessorImpl.invoke(Unknown Source)
	at java.base/jdk.internal.reflect.DelegatingMethodAccessorImpl.invoke(Unknown Source)
	at java.base/java.lang.reflect.Method.invoke(Unknown Source)
	at org.jkiss.dbeaver.launcher.DBeaverLauncher.invokeFramework(DBeaverLauncher.java:650)
	at org.jkiss.dbeaver.launcher.DBeaverLauncher.basicRun(DBeaverLauncher.java:610)
	at org.jkiss.dbeaver.launcher.DBeaverLauncher.run(DBeaverLauncher.java:1461)
	at org.jkiss.dbeaver.launcher.DBeaverLauncher.main(DBeaverLauncher.java:1434)
> Start DBeaver SQLite UI [org.jkiss.dbeaver.ext.sqlite.ui 1.0.112.202411031831]
2025-03-16 15:29:07.997 - SWT resource leak detected
java.lang.Error: SWT Resource was not properly disposed
	at org.eclipse.swt.graphics.Resource.initNonDisposeTracking(Resource.java:172)
	at org.eclipse.swt.graphics.Resource.<init>(Resource.java:120)
	at org.eclipse.swt.graphics.Font.<init>(Font.java:109)
	at org.eclipse.jface.resource.ArrayFontDescriptor.createFont(ArrayFontDescriptor.java:78)
	at org.jkiss.dbeaver.ui.editors.sql.dialogs.SuggestionInformationControl.createContent(SuggestionInformationControl.java:93)
	at org.eclipse.jface.text.AbstractInformationControl.create(AbstractInformationControl.java:454)
	at org.jkiss.dbeaver.ui.editors.sql.dialogs.SuggestionInformationControl.<init>(SuggestionInformationControl.java:75)
	at org.jkiss.dbeaver.ui.editors.sql.dialogs.SuggestionInformationControlCreator.createInformationControl(SuggestionInformationControlCreator.java:28)
	at org.eclipse.jface.text.AbstractInformationControlManager.getInformationControl(AbstractInformationControlManager.java:829)
	at org.eclipse.jface.text.AbstractInformationControlManager.internalShowInformationControl(AbstractInformationControlManager.java:1138)
	at org.eclipse.jface.text.AbstractInformationControlManager.presentInformation(AbstractInformationControlManager.java:1120)
	at org.eclipse.jface.text.AbstractInformationControlManager.setInformation(AbstractInformationControlManager.java:431)
	at org.eclipse.jface.text.contentassist.AdditionalInfoController.computeInformation(AdditionalInfoController.java:567)
	at org.eclipse.jface.text.AbstractInformationControlManager.doShowInformation(AbstractInformationControlManager.java:1101)
	at org.eclipse.jface.text.AbstractInformationControlManager.showInformation(AbstractInformationControlManager.java:1091)
	at org.eclipse.jface.text.contentassist.AdditionalInfoController.showInformation(AdditionalInfoController.java:541)
	at org.eclipse.jface.text.contentassist.AdditionalInfoController$1.showInformation(AdditionalInfoController.java:478)
	at org.eclipse.jface.text.contentassist.AdditionalInfoController$Timer.lambda$1(AdditionalInfoController.java:362)
	at org.eclipse.swt.widgets.RunnableLock.run(RunnableLock.java:40)
	at org.eclipse.swt.widgets.Synchronizer.runAsyncMessages(Synchronizer.java:132)
	at org.eclipse.swt.widgets.Display.runAsyncMessages(Display.java:5040)
	at org.eclipse.swt.widgets.Display.readAndDispatch(Display.java:4520)
	at org.eclipse.e4.ui.internal.workbench.swt.PartRenderingEngine$5.run(PartRenderingEngine.java:1151)
	at org.eclipse.core.databinding.observable.Realm.runWithDefault(Realm.java:339)
	at org.eclipse.e4.ui.internal.workbench.swt.PartRenderingEngine.run(PartRenderingEngine.java:1042)
	at org.eclipse.e4.ui.internal.workbench.E4Workbench.createAndRunUI(E4Workbench.java:153)
	at org.eclipse.ui.internal.Workbench.lambda$3(Workbench.java:639)
	at org.eclipse.core.databinding.observable.Realm.runWithDefault(Realm.java:339)
	at org.eclipse.ui.internal.Workbench.createAndRunWorkbench(Workbench.java:546)
	at org.eclipse.ui.PlatformUI.createAndRunWorkbench(PlatformUI.java:173)
	at org.jkiss.dbeaver.ui.app.standalone.DBeaverApplication.start(DBeaverApplication.java:293)
	at org.eclipse.equinox.internal.app.EclipseAppHandle.run(EclipseAppHandle.java:208)
	at org.eclipse.core.runtime.internal.adaptor.EclipseAppLauncher.runApplication(EclipseAppLauncher.java:143)
	at org.eclipse.core.runtime.internal.adaptor.EclipseAppLauncher.start(EclipseAppLauncher.java:109)
	at org.eclipse.core.runtime.adaptor.EclipseStarter.run(EclipseStarter.java:439)
	at org.eclipse.core.runtime.adaptor.EclipseStarter.run(EclipseStarter.java:271)
	at java.base/jdk.internal.reflect.NativeMethodAccessorImpl.invoke0(Native Method)
	at java.base/jdk.internal.reflect.NativeMethodAccessorImpl.invoke(Unknown Source)
	at java.base/jdk.internal.reflect.DelegatingMethodAccessorImpl.invoke(Unknown Source)
	at java.base/java.lang.reflect.Method.invoke(Unknown Source)
	at org.jkiss.dbeaver.launcher.DBeaverLauncher.invokeFramework(DBeaverLauncher.java:650)
	at org.jkiss.dbeaver.launcher.DBeaverLauncher.basicRun(DBeaverLauncher.java:610)
	at org.jkiss.dbeaver.launcher.DBeaverLauncher.run(DBeaverLauncher.java:1461)
	at org.jkiss.dbeaver.launcher.DBeaverLauncher.main(DBeaverLauncher.java:1434)
2025-03-16 15:33:39.741 - No active connection
2025-03-16 15:35:04.858 - SWT resource leak detected
java.lang.Error: SWT Resource was not properly disposed
	at org.eclipse.swt.graphics.Resource.initNonDisposeTracking(Resource.java:172)
	at org.eclipse.swt.graphics.Resource.<init>(Resource.java:120)
	at org.eclipse.swt.graphics.Image.<init>(Image.java:655)
	at org.eclipse.jface.resource.ImageDescriptor.createImage(ImageDescriptor.java:340)
	at org.eclipse.jface.resource.ImageDescriptor.createImage(ImageDescriptor.java:289)
	at org.eclipse.jface.resource.ImageDescriptor.createImage(ImageDescriptor.java:267)
	at org.jkiss.dbeaver.ui.DBeaverIcons.getCompositeIcon(DBeaverIcons.java:170)
	at org.jkiss.dbeaver.ui.DBeaverIcons.getIconDescriptor(DBeaverIcons.java:122)
	at org.jkiss.dbeaver.ui.DBeaverIcons.getImage(DBeaverIcons.java:94)
	at org.jkiss.dbeaver.ui.editors.sql.SQLEditor.refreshEditorIconAndTitle(SQLEditor.java:3065)
	at org.jkiss.dbeaver.ui.editors.sql.SQLEditor.onDataSourceChange(SQLEditor.java:2980)
	at org.jkiss.dbeaver.ui.editors.sql.SQLEditor.onDataSourceChange(SQLEditor.java:2953)
	at org.eclipse.swt.widgets.Synchronizer.syncExec(Synchronizer.java:183)
	at org.eclipse.ui.internal.UISynchronizer.syncExec(UISynchronizer.java:133)
	at org.eclipse.swt.widgets.Display.syncExec(Display.java:5960)
	at org.jkiss.dbeaver.ui.UIUtils.syncExec(UIUtils.java:1954)
	at org.jkiss.dbeaver.ui.editors.sql.SQLEditor.fireDataSourceChange(SQLEditor.java:2949)
	at org.jkiss.dbeaver.ui.editors.sql.SQLEditor.setDataSourceContainer(SQLEditor.java:474)
	at org.jkiss.dbeaver.ui.actions.datasource.SelectActiveDataSourceHandler.openDataSourceSelector(SelectActiveDataSourceHandler.java:117)
	at org.jkiss.dbeaver.ui.actions.datasource.SelectActiveDataSourceHandler.execute(SelectActiveDataSourceHandler.java:78)
	at org.eclipse.ui.internal.handlers.HandlerProxy.execute(HandlerProxy.java:277)
	at org.eclipse.ui.internal.handlers.E4HandlerProxy.execute(E4HandlerProxy.java:98)
	at jdk.internal.reflect.GeneratedMethodAccessor63.invoke(Unknown Source)
	at java.base/jdk.internal.reflect.DelegatingMethodAccessorImpl.invoke(Unknown Source)
	at java.base/java.lang.reflect.Method.invoke(Unknown Source)
	at org.eclipse.e4.core.internal.di.MethodRequestor.execute(MethodRequestor.java:56)
	at org.eclipse.e4.core.internal.di.InjectorImpl.invokeUsingClass(InjectorImpl.java:299)
	at org.eclipse.e4.core.internal.di.InjectorImpl.invoke(InjectorImpl.java:233)
	at org.eclipse.e4.core.contexts.ContextInjectionFactory.invoke(ContextInjectionFactory.java:174)
	at org.eclipse.e4.core.commands.internal.HandlerServiceHandler.execute(HandlerServiceHandler.java:165)
	at org.eclipse.core.commands.Command.executeWithChecks(Command.java:488)
	at org.eclipse.core.commands.ParameterizedCommand.executeWithChecks(ParameterizedCommand.java:485)
	at org.eclipse.e4.core.commands.internal.HandlerServiceImpl.executeHandler(HandlerServiceImpl.java:204)
	at org.eclipse.e4.ui.workbench.renderers.swt.HandledContributionItem.executeItem(HandledContributionItem.java:444)
	at org.eclipse.e4.ui.workbench.renderers.swt.AbstractContributionItem.handleWidgetSelection(AbstractContributionItem.java:442)
	at org.eclipse.e4.ui.workbench.renderers.swt.AbstractContributionItem.lambda$2(AbstractContributionItem.java:464)
	at org.eclipse.swt.widgets.EventTable.sendEvent(EventTable.java:91)
	at org.eclipse.swt.widgets.Display.sendEvent(Display.java:5855)
	at org.eclipse.swt.widgets.Widget.sendEvent(Widget.java:1617)
	at org.eclipse.swt.widgets.Display.runDeferredEvents(Display.java:5065)
	at org.eclipse.swt.widgets.Display.readAndDispatch(Display.java:4517)
	at org.eclipse.e4.ui.internal.workbench.swt.PartRenderingEngine$5.run(PartRenderingEngine.java:1151)
	at org.eclipse.core.databinding.observable.Realm.runWithDefault(Realm.java:339)
	at org.eclipse.e4.ui.internal.workbench.swt.PartRenderingEngine.run(PartRenderingEngine.java:1042)
	at org.eclipse.e4.ui.internal.workbench.E4Workbench.createAndRunUI(E4Workbench.java:153)
	at org.eclipse.ui.internal.Workbench.lambda$3(Workbench.java:639)
	at org.eclipse.core.databinding.observable.Realm.runWithDefault(Realm.java:339)
	at org.eclipse.ui.internal.Workbench.createAndRunWorkbench(Workbench.java:546)
	at org.eclipse.ui.PlatformUI.createAndRunWorkbench(PlatformUI.java:173)
	at org.jkiss.dbeaver.ui.app.standalone.DBeaverApplication.start(DBeaverApplication.java:293)
	at org.eclipse.equinox.internal.app.EclipseAppHandle.run(EclipseAppHandle.java:208)
	at org.eclipse.core.runtime.internal.adaptor.EclipseAppLauncher.runApplication(EclipseAppLauncher.java:143)
	at org.eclipse.core.runtime.internal.adaptor.EclipseAppLauncher.start(EclipseAppLauncher.java:109)
	at org.eclipse.core.runtime.adaptor.EclipseStarter.run(EclipseStarter.java:439)
	at org.eclipse.core.runtime.adaptor.EclipseStarter.run(EclipseStarter.java:271)
	at java.base/jdk.internal.reflect.NativeMethodAccessorImpl.invoke0(Native Method)
	at java.base/jdk.internal.reflect.NativeMethodAccessorImpl.invoke(Unknown Source)
	at java.base/jdk.internal.reflect.DelegatingMethodAccessorImpl.invoke(Unknown Source)
	at java.base/java.lang.reflect.Method.invoke(Unknown Source)
	at org.jkiss.dbeaver.launcher.DBeaverLauncher.invokeFramework(DBeaverLauncher.java:650)
	at org.jkiss.dbeaver.launcher.DBeaverLauncher.basicRun(DBeaverLauncher.java:610)
	at org.jkiss.dbeaver.launcher.DBeaverLauncher.run(DBeaverLauncher.java:1461)
	at org.jkiss.dbeaver.launcher.DBeaverLauncher.main(DBeaverLauncher.java:1434)
2025-03-16 15:36:11.402 - SQL Error [1]: [SQLITE_ERROR] SQL error or missing database (near "AS": syntax error)
org.jkiss.dbeaver.model.sql.DBSQLException: SQL Error [1]: [SQLITE_ERROR] SQL error or missing database (near "AS": syntax error)
	at org.jkiss.dbeaver.model.impl.jdbc.exec.JDBCStatementImpl.executeStatement(JDBCStatementImpl.java:130)
	at org.jkiss.dbeaver.ui.editors.sql.execute.SQLQueryJob.executeStatement(SQLQueryJob.java:631)
	at org.jkiss.dbeaver.ui.editors.sql.execute.SQLQueryJob.lambda$2(SQLQueryJob.java:522)
	at org.jkiss.dbeaver.model.exec.DBExecUtils.tryExecuteRecover(DBExecUtils.java:192)
	at org.jkiss.dbeaver.ui.editors.sql.execute.SQLQueryJob.executeSingleQuery(SQLQueryJob.java:541)
	at org.jkiss.dbeaver.ui.editors.sql.execute.SQLQueryJob.extractData(SQLQueryJob.java:1001)
	at org.jkiss.dbeaver.ui.editors.sql.SQLEditor$QueryResultsContainer.readData(SQLEditor.java:4237)
	at org.jkiss.dbeaver.ui.controls.resultset.ResultSetJobDataRead.lambda$0(ResultSetJobDataRead.java:128)
	at org.jkiss.dbeaver.model.exec.DBExecUtils.tryExecuteRecover(DBExecUtils.java:192)
	at org.jkiss.dbeaver.ui.controls.resultset.ResultSetJobDataRead.run(ResultSetJobDataRead.java:126)
	at org.jkiss.dbeaver.ui.controls.resultset.ResultSetViewer$ResultSetDataPumpJob.run(ResultSetViewer.java:5166)
	at org.jkiss.dbeaver.model.runtime.AbstractJob.run(AbstractJob.java:117)
	at org.eclipse.core.internal.jobs.Worker.run(Worker.java:63)
Caused by: org.sqlite.SQLiteException: [SQLITE_ERROR] SQL error or missing database (near "AS": syntax error)
	at org.sqlite.core.DB.newSQLException(DB.java:1179)
	at org.sqlite.core.DB.newSQLException(DB.java:1190)
	at org.sqlite.core.DB.throwex(DB.java:1150)
	at org.sqlite.core.NativeDB.prepare_utf8(Native Method)
	at org.sqlite.core.NativeDB.prepare(NativeDB.java:135)
	at org.sqlite.core.DB.prepare(DB.java:264)
	at org.sqlite.jdbc3.JDBC3Statement.lambda$execute$0(JDBC3Statement.java:55)
	at org.sqlite.jdbc3.JDBC3Statement.withConnectionTimeout(JDBC3Statement.java:458)
	at org.sqlite.jdbc3.JDBC3Statement.execute(JDBC3Statement.java:44)
	at org.jkiss.dbeaver.model.impl.jdbc.exec.JDBCStatementImpl.execute(JDBCStatementImpl.java:335)
	at org.jkiss.dbeaver.model.impl.jdbc.exec.JDBCStatementImpl.executeStatement(JDBCStatementImpl.java:128)
	... 12 more
2025-03-16 15:36:31.500 - Event loop exception
java.lang.IllegalArgumentException: Index out of bounds
	at org.eclipse.swt.SWT.error(SWT.java:4903)
	at org.eclipse.swt.SWT.error(SWT.java:4837)
	at org.eclipse.swt.SWT.error(SWT.java:4808)
	at org.eclipse.swt.custom.StyledText.getTextBounds(StyledText.java:4888)
	at org.jkiss.dbeaver.ui.editors.sql.util.SQLAnnotationHover$LinkListInformationControl.setVisible(SQLAnnotationHover.java:333)
	at org.eclipse.jface.text.AbstractInformationControlManager.showInformationControl(AbstractInformationControlManager.java:1240)
	at org.eclipse.jface.text.TextViewerHoverManager.showInformationControl(TextViewerHoverManager.java:276)
	at org.eclipse.jface.text.AbstractInformationControlManager.internalShowInformationControl(AbstractInformationControlManager.java:1191)
	at org.eclipse.jface.text.AbstractInformationControlManager.presentInformation(AbstractInformationControlManager.java:1120)
	at org.eclipse.jface.text.AbstractHoverInformationControlManager.presentInformation(AbstractHoverInformationControlManager.java:884)
	at org.eclipse.jface.text.TextViewerHoverManager.doPresentInformation(TextViewerHoverManager.java:237)
	at org.eclipse.jface.text.TextViewerHoverManager.lambda$3(TextViewerHoverManager.java:227)
	at org.eclipse.swt.widgets.RunnableLock.run(RunnableLock.java:40)
	at org.eclipse.swt.widgets.Synchronizer.runAsyncMessages(Synchronizer.java:132)
	at org.eclipse.swt.widgets.Display.runAsyncMessages(Display.java:5040)
	at org.eclipse.swt.widgets.Display.readAndDispatch(Display.java:4520)
	at org.eclipse.e4.ui.internal.workbench.swt.PartRenderingEngine$5.run(PartRenderingEngine.java:1151)
	at org.eclipse.core.databinding.observable.Realm.runWithDefault(Realm.java:339)
	at org.eclipse.e4.ui.internal.workbench.swt.PartRenderingEngine.run(PartRenderingEngine.java:1042)
	at org.eclipse.e4.ui.internal.workbench.E4Workbench.createAndRunUI(E4Workbench.java:153)
	at org.eclipse.ui.internal.Workbench.lambda$3(Workbench.java:639)
	at org.eclipse.core.databinding.observable.Realm.runWithDefault(Realm.java:339)
	at org.eclipse.ui.internal.Workbench.createAndRunWorkbench(Workbench.java:546)
	at org.eclipse.ui.PlatformUI.createAndRunWorkbench(PlatformUI.java:173)
	at org.jkiss.dbeaver.ui.app.standalone.DBeaverApplication.start(DBeaverApplication.java:293)
	at org.eclipse.equinox.internal.app.EclipseAppHandle.run(EclipseAppHandle.java:208)
	at org.eclipse.core.runtime.internal.adaptor.EclipseAppLauncher.runApplication(EclipseAppLauncher.java:143)
	at org.eclipse.core.runtime.internal.adaptor.EclipseAppLauncher.start(EclipseAppLauncher.java:109)
	at org.eclipse.core.runtime.adaptor.EclipseStarter.run(EclipseStarter.java:439)
	at org.eclipse.core.runtime.adaptor.EclipseStarter.run(EclipseStarter.java:271)
	at java.base/jdk.internal.reflect.NativeMethodAccessorImpl.invoke0(Native Method)
	at java.base/jdk.internal.reflect.NativeMethodAccessorImpl.invoke(Unknown Source)
	at java.base/jdk.internal.reflect.DelegatingMethodAccessorImpl.invoke(Unknown Source)
	at java.base/java.lang.reflect.Method.invoke(Unknown Source)
	at org.jkiss.dbeaver.launcher.DBeaverLauncher.invokeFramework(DBeaverLauncher.java:650)
	at org.jkiss.dbeaver.launcher.DBeaverLauncher.basicRun(DBeaverLauncher.java:610)
	at org.jkiss.dbeaver.launcher.DBeaverLauncher.run(DBeaverLauncher.java:1461)
	at org.jkiss.dbeaver.launcher.DBeaverLauncher.main(DBeaverLauncher.java:1434)
2025-03-16 15:37:06.291 - Table 'view_metrics_best_epoch' not found in metadata catalog
2025-03-16 15:37:06.291 - Table 'view_metrics_best_epoch' not found in metadata catalog
2025-03-16 15:37:06.291 - Table 'view_metrics_best_epoch' not found in metadata catalog
2025-03-16 15:37:06.291 - Table 'view_metrics_best_epoch' not found in metadata catalog
2025-03-16 15:37:06.291 - Table 'view_metrics_best_epoch' not found in metadata catalog
2025-03-16 15:37:06.291 - Table 'view_test_metrics' not found in metadata catalog
2025-03-16 15:37:06.292 - Table 'view_test_metrics' not found in metadata catalog
2025-03-16 15:37:06.292 - Table 'view_test_metrics' not found in metadata catalog
2025-03-16 15:37:06.292 - Table 'view_test_metrics' not found in metadata catalog
2025-03-16 15:37:10.812 - Table 'view_metrics_best_epoch' not found in metadata catalog
2025-03-16 15:37:10.812 - Table 'view_metrics_best_epoch' not found in metadata catalog
2025-03-16 15:37:10.812 - Table 'view_metrics_best_epoch' not found in metadata catalog
2025-03-16 15:37:10.812 - Table 'view_metrics_best_epoch' not found in metadata catalog
2025-03-16 15:37:10.812 - Table 'view_metrics_best_epoch' not found in metadata catalog
2025-03-16 15:37:10.812 - Table 'view_test_metrics' not found in metadata catalog
2025-03-16 15:37:10.812 - Table 'view_test_metrics' not found in metadata catalog
2025-03-16 15:37:10.812 - Table 'view_test_metrics' not found in metadata catalog
2025-03-16 15:37:10.812 - Table 'view_test_metrics' not found in metadata catalog
2025-03-16 15:37:17.469 - SQL Error [1]: [SQLITE_ERROR] SQL error or missing database (no such column: t.test_loss)
org.jkiss.dbeaver.model.sql.DBSQLException: SQL Error [1]: [SQLITE_ERROR] SQL error or missing database (no such column: t.test_loss)
	at org.jkiss.dbeaver.model.impl.jdbc.exec.JDBCStatementImpl.executeStatement(JDBCStatementImpl.java:130)
	at org.jkiss.dbeaver.ui.editors.sql.execute.SQLQueryJob.executeStatement(SQLQueryJob.java:631)
	at org.jkiss.dbeaver.ui.editors.sql.execute.SQLQueryJob.lambda$2(SQLQueryJob.java:522)
	at org.jkiss.dbeaver.model.exec.DBExecUtils.tryExecuteRecover(DBExecUtils.java:192)
	at org.jkiss.dbeaver.ui.editors.sql.execute.SQLQueryJob.executeSingleQuery(SQLQueryJob.java:541)
	at org.jkiss.dbeaver.ui.editors.sql.execute.SQLQueryJob.extractData(SQLQueryJob.java:1001)
	at org.jkiss.dbeaver.ui.editors.sql.SQLEditor$QueryResultsContainer.readData(SQLEditor.java:4237)
	at org.jkiss.dbeaver.ui.controls.resultset.ResultSetJobDataRead.lambda$0(ResultSetJobDataRead.java:128)
	at org.jkiss.dbeaver.model.exec.DBExecUtils.tryExecuteRecover(DBExecUtils.java:192)
	at org.jkiss.dbeaver.ui.controls.resultset.ResultSetJobDataRead.run(ResultSetJobDataRead.java:126)
	at org.jkiss.dbeaver.ui.controls.resultset.ResultSetViewer$ResultSetDataPumpJob.run(ResultSetViewer.java:5166)
	at org.jkiss.dbeaver.model.runtime.AbstractJob.run(AbstractJob.java:117)
	at org.eclipse.core.internal.jobs.Worker.run(Worker.java:63)
Caused by: org.sqlite.SQLiteException: [SQLITE_ERROR] SQL error or missing database (no such column: t.test_loss)
	at org.sqlite.core.DB.newSQLException(DB.java:1179)
	at org.sqlite.core.DB.newSQLException(DB.java:1190)
	at org.sqlite.core.DB.throwex(DB.java:1150)
	at org.sqlite.core.NativeDB.prepare_utf8(Native Method)
	at org.sqlite.core.NativeDB.prepare(NativeDB.java:135)
	at org.sqlite.core.DB.prepare(DB.java:264)
	at org.sqlite.jdbc3.JDBC3Statement.lambda$execute$0(JDBC3Statement.java:55)
	at org.sqlite.jdbc3.JDBC3Statement.withConnectionTimeout(JDBC3Statement.java:458)
	at org.sqlite.jdbc3.JDBC3Statement.execute(JDBC3Statement.java:44)
	at org.jkiss.dbeaver.model.impl.jdbc.exec.JDBCStatementImpl.execute(JDBCStatementImpl.java:335)
	at org.jkiss.dbeaver.model.impl.jdbc.exec.JDBCStatementImpl.executeStatement(JDBCStatementImpl.java:128)
	... 12 more
2025-03-16 15:37:28.813 - Event loop exception
java.lang.IllegalArgumentException: Index out of bounds
	at org.eclipse.swt.SWT.error(SWT.java:4903)
	at org.eclipse.swt.SWT.error(SWT.java:4837)
	at org.eclipse.swt.SWT.error(SWT.java:4808)
	at org.eclipse.swt.custom.StyledText.getTextBounds(StyledText.java:4888)
	at org.jkiss.dbeaver.ui.editors.sql.util.SQLAnnotationHover$LinkListInformationControl.setVisible(SQLAnnotationHover.java:333)
	at org.eclipse.jface.text.AbstractInformationControlManager.showInformationControl(AbstractInformationControlManager.java:1240)
	at org.eclipse.jface.text.TextViewerHoverManager.showInformationControl(TextViewerHoverManager.java:276)
	at org.eclipse.jface.text.AbstractInformationControlManager.internalShowInformationControl(AbstractInformationControlManager.java:1191)
	at org.eclipse.jface.text.AbstractInformationControlManager.presentInformation(AbstractInformationControlManager.java:1120)
	at org.eclipse.jface.text.AbstractHoverInformationControlManager.presentInformation(AbstractHoverInformationControlManager.java:884)
	at org.eclipse.jface.text.TextViewerHoverManager.doPresentInformation(TextViewerHoverManager.java:237)
	at org.eclipse.jface.text.TextViewerHoverManager.lambda$3(TextViewerHoverManager.java:227)
	at org.eclipse.swt.widgets.RunnableLock.run(RunnableLock.java:40)
	at org.eclipse.swt.widgets.Synchronizer.runAsyncMessages(Synchronizer.java:132)
	at org.eclipse.swt.widgets.Display.runAsyncMessages(Display.java:5040)
	at org.eclipse.swt.widgets.Display.readAndDispatch(Display.java:4520)
	at org.eclipse.e4.ui.internal.workbench.swt.PartRenderingEngine$5.run(PartRenderingEngine.java:1151)
	at org.eclipse.core.databinding.observable.Realm.runWithDefault(Realm.java:339)
	at org.eclipse.e4.ui.internal.workbench.swt.PartRenderingEngine.run(PartRenderingEngine.java:1042)
	at org.eclipse.e4.ui.internal.workbench.E4Workbench.createAndRunUI(E4Workbench.java:153)
	at org.eclipse.ui.internal.Workbench.lambda$3(Workbench.java:639)
	at org.eclipse.core.databinding.observable.Realm.runWithDefault(Realm.java:339)
	at org.eclipse.ui.internal.Workbench.createAndRunWorkbench(Workbench.java:546)
	at org.eclipse.ui.PlatformUI.createAndRunWorkbench(PlatformUI.java:173)
	at org.jkiss.dbeaver.ui.app.standalone.DBeaverApplication.start(DBeaverApplication.java:293)
	at org.eclipse.equinox.internal.app.EclipseAppHandle.run(EclipseAppHandle.java:208)
	at org.eclipse.core.runtime.internal.adaptor.EclipseAppLauncher.runApplication(EclipseAppLauncher.java:143)
	at org.eclipse.core.runtime.internal.adaptor.EclipseAppLauncher.start(EclipseAppLauncher.java:109)
	at org.eclipse.core.runtime.adaptor.EclipseStarter.run(EclipseStarter.java:439)
	at org.eclipse.core.runtime.adaptor.EclipseStarter.run(EclipseStarter.java:271)
	at java.base/jdk.internal.reflect.NativeMethodAccessorImpl.invoke0(Native Method)
	at java.base/jdk.internal.reflect.NativeMethodAccessorImpl.invoke(Unknown Source)
	at java.base/jdk.internal.reflect.DelegatingMethodAccessorImpl.invoke(Unknown Source)
	at java.base/java.lang.reflect.Method.invoke(Unknown Source)
	at org.jkiss.dbeaver.launcher.DBeaverLauncher.invokeFramework(DBeaverLauncher.java:650)
	at org.jkiss.dbeaver.launcher.DBeaverLauncher.basicRun(DBeaverLauncher.java:610)
	at org.jkiss.dbeaver.launcher.DBeaverLauncher.run(DBeaverLauncher.java:1461)
	at org.jkiss.dbeaver.launcher.DBeaverLauncher.main(DBeaverLauncher.java:1434)
2025-03-16 15:38:05.176 - Event loop exception
java.lang.IllegalArgumentException: Index out of bounds
	at org.eclipse.swt.SWT.error(SWT.java:4903)
	at org.eclipse.swt.SWT.error(SWT.java:4837)
	at org.eclipse.swt.SWT.error(SWT.java:4808)
	at org.eclipse.swt.custom.StyledText.getTextBounds(StyledText.java:4888)
	at org.jkiss.dbeaver.ui.editors.sql.util.SQLAnnotationHover$LinkListInformationControl.setVisible(SQLAnnotationHover.java:333)
	at org.eclipse.jface.text.AbstractInformationControlManager.showInformationControl(AbstractInformationControlManager.java:1240)
	at org.eclipse.jface.text.TextViewerHoverManager.showInformationControl(TextViewerHoverManager.java:276)
	at org.eclipse.jface.text.AbstractInformationControlManager.internalShowInformationControl(AbstractInformationControlManager.java:1191)
	at org.eclipse.jface.text.AbstractInformationControlManager.presentInformation(AbstractInformationControlManager.java:1120)
	at org.eclipse.jface.text.AbstractHoverInformationControlManager.presentInformation(AbstractHoverInformationControlManager.java:884)
	at org.eclipse.jface.text.TextViewerHoverManager.doPresentInformation(TextViewerHoverManager.java:237)
	at org.eclipse.jface.text.TextViewerHoverManager.lambda$3(TextViewerHoverManager.java:227)
	at org.eclipse.swt.widgets.RunnableLock.run(RunnableLock.java:40)
	at org.eclipse.swt.widgets.Synchronizer.runAsyncMessages(Synchronizer.java:132)
	at org.eclipse.swt.widgets.Display.runAsyncMessages(Display.java:5040)
	at org.eclipse.swt.widgets.Display.readAndDispatch(Display.java:4520)
	at org.eclipse.e4.ui.internal.workbench.swt.PartRenderingEngine$5.run(PartRenderingEngine.java:1151)
	at org.eclipse.core.databinding.observable.Realm.runWithDefault(Realm.java:339)
	at org.eclipse.e4.ui.internal.workbench.swt.PartRenderingEngine.run(PartRenderingEngine.java:1042)
	at org.eclipse.e4.ui.internal.workbench.E4Workbench.createAndRunUI(E4Workbench.java:153)
	at org.eclipse.ui.internal.Workbench.lambda$3(Workbench.java:639)
	at org.eclipse.core.databinding.observable.Realm.runWithDefault(Realm.java:339)
	at org.eclipse.ui.internal.Workbench.createAndRunWorkbench(Workbench.java:546)
	at org.eclipse.ui.PlatformUI.createAndRunWorkbench(PlatformUI.java:173)
	at org.jkiss.dbeaver.ui.app.standalone.DBeaverApplication.start(DBeaverApplication.java:293)
	at org.eclipse.equinox.internal.app.EclipseAppHandle.run(EclipseAppHandle.java:208)
	at org.eclipse.core.runtime.internal.adaptor.EclipseAppLauncher.runApplication(EclipseAppLauncher.java:143)
	at org.eclipse.core.runtime.internal.adaptor.EclipseAppLauncher.start(EclipseAppLauncher.java:109)
	at org.eclipse.core.runtime.adaptor.EclipseStarter.run(EclipseStarter.java:439)
	at org.eclipse.core.runtime.adaptor.EclipseStarter.run(EclipseStarter.java:271)
	at java.base/jdk.internal.reflect.NativeMethodAccessorImpl.invoke0(Native Method)
	at java.base/jdk.internal.reflect.NativeMethodAccessorImpl.invoke(Unknown Source)
	at java.base/jdk.internal.reflect.DelegatingMethodAccessorImpl.invoke(Unknown Source)
	at java.base/java.lang.reflect.Method.invoke(Unknown Source)
	at org.jkiss.dbeaver.launcher.DBeaverLauncher.invokeFramework(DBeaverLauncher.java:650)
	at org.jkiss.dbeaver.launcher.DBeaverLauncher.basicRun(DBeaverLauncher.java:610)
	at org.jkiss.dbeaver.launcher.DBeaverLauncher.run(DBeaverLauncher.java:1461)
	at org.jkiss.dbeaver.launcher.DBeaverLauncher.main(DBeaverLauncher.java:1434)
2025-03-16 15:38:08.516 - Event loop exception
java.lang.IllegalArgumentException: Index out of bounds
	at org.eclipse.swt.SWT.error(SWT.java:4903)
	at org.eclipse.swt.SWT.error(SWT.java:4837)
	at org.eclipse.swt.SWT.error(SWT.java:4808)
	at org.eclipse.swt.custom.StyledText.getTextBounds(StyledText.java:4888)
	at org.jkiss.dbeaver.ui.editors.sql.util.SQLAnnotationHover$LinkListInformationControl.setVisible(SQLAnnotationHover.java:333)
	at org.eclipse.jface.text.AbstractInformationControlManager.showInformationControl(AbstractInformationControlManager.java:1240)
	at org.eclipse.jface.text.TextViewerHoverManager.showInformationControl(TextViewerHoverManager.java:276)
	at org.eclipse.jface.text.AbstractInformationControlManager.internalShowInformationControl(AbstractInformationControlManager.java:1191)
	at org.eclipse.jface.text.AbstractInformationControlManager.presentInformation(AbstractInformationControlManager.java:1120)
	at org.eclipse.jface.text.AbstractHoverInformationControlManager.presentInformation(AbstractHoverInformationControlManager.java:884)
	at org.eclipse.jface.text.TextViewerHoverManager.doPresentInformation(TextViewerHoverManager.java:237)
	at org.eclipse.jface.text.TextViewerHoverManager.lambda$3(TextViewerHoverManager.java:227)
	at org.eclipse.swt.widgets.RunnableLock.run(RunnableLock.java:40)
	at org.eclipse.swt.widgets.Synchronizer.runAsyncMessages(Synchronizer.java:132)
	at org.eclipse.swt.widgets.Display.runAsyncMessages(Display.java:5040)
	at org.eclipse.swt.widgets.Display.readAndDispatch(Display.java:4520)
	at org.eclipse.e4.ui.internal.workbench.swt.PartRenderingEngine$5.run(PartRenderingEngine.java:1151)
	at org.eclipse.core.databinding.observable.Realm.runWithDefault(Realm.java:339)
	at org.eclipse.e4.ui.internal.workbench.swt.PartRenderingEngine.run(PartRenderingEngine.java:1042)
	at org.eclipse.e4.ui.internal.workbench.E4Workbench.createAndRunUI(E4Workbench.java:153)
	at org.eclipse.ui.internal.Workbench.lambda$3(Workbench.java:639)
	at org.eclipse.core.databinding.observable.Realm.runWithDefault(Realm.java:339)
	at org.eclipse.ui.internal.Workbench.createAndRunWorkbench(Workbench.java:546)
	at org.eclipse.ui.PlatformUI.createAndRunWorkbench(PlatformUI.java:173)
	at org.jkiss.dbeaver.ui.app.standalone.DBeaverApplication.start(DBeaverApplication.java:293)
	at org.eclipse.equinox.internal.app.EclipseAppHandle.run(EclipseAppHandle.java:208)
	at org.eclipse.core.runtime.internal.adaptor.EclipseAppLauncher.runApplication(EclipseAppLauncher.java:143)
	at org.eclipse.core.runtime.internal.adaptor.EclipseAppLauncher.start(EclipseAppLauncher.java:109)
	at org.eclipse.core.runtime.adaptor.EclipseStarter.run(EclipseStarter.java:439)
	at org.eclipse.core.runtime.adaptor.EclipseStarter.run(EclipseStarter.java:271)
	at java.base/jdk.internal.reflect.NativeMethodAccessorImpl.invoke0(Native Method)
	at java.base/jdk.internal.reflect.NativeMethodAccessorImpl.invoke(Unknown Source)
	at java.base/jdk.internal.reflect.DelegatingMethodAccessorImpl.invoke(Unknown Source)
	at java.base/java.lang.reflect.Method.invoke(Unknown Source)
	at org.jkiss.dbeaver.launcher.DBeaverLauncher.invokeFramework(DBeaverLauncher.java:650)
	at org.jkiss.dbeaver.launcher.DBeaverLauncher.basicRun(DBeaverLauncher.java:610)
	at org.jkiss.dbeaver.launcher.DBeaverLauncher.run(DBeaverLauncher.java:1461)
	at org.jkiss.dbeaver.launcher.DBeaverLauncher.main(DBeaverLauncher.java:1434)
2025-03-16 15:38:22.782 - Event loop exception
java.lang.IllegalArgumentException: Index out of bounds
	at org.eclipse.swt.SWT.error(SWT.java:4903)
	at org.eclipse.swt.SWT.error(SWT.java:4837)
	at org.eclipse.swt.SWT.error(SWT.java:4808)
	at org.eclipse.swt.custom.StyledText.getTextBounds(StyledText.java:4888)
	at org.jkiss.dbeaver.ui.editors.sql.util.SQLAnnotationHover$LinkListInformationControl.setVisible(SQLAnnotationHover.java:333)
	at org.eclipse.jface.text.AbstractInformationControlManager.showInformationControl(AbstractInformationControlManager.java:1240)
	at org.eclipse.jface.text.TextViewerHoverManager.showInformationControl(TextViewerHoverManager.java:276)
	at org.eclipse.jface.text.AbstractInformationControlManager.internalShowInformationControl(AbstractInformationControlManager.java:1191)
	at org.eclipse.jface.text.AbstractInformationControlManager.presentInformation(AbstractInformationControlManager.java:1120)
	at org.eclipse.jface.text.AbstractHoverInformationControlManager.presentInformation(AbstractHoverInformationControlManager.java:884)
	at org.eclipse.jface.text.TextViewerHoverManager.doPresentInformation(TextViewerHoverManager.java:237)
	at org.eclipse.jface.text.TextViewerHoverManager.lambda$3(TextViewerHoverManager.java:227)
	at org.eclipse.swt.widgets.RunnableLock.run(RunnableLock.java:40)
	at org.eclipse.swt.widgets.Synchronizer.runAsyncMessages(Synchronizer.java:132)
	at org.eclipse.swt.widgets.Display.runAsyncMessages(Display.java:5040)
	at org.eclipse.swt.widgets.Display.readAndDispatch(Display.java:4520)
	at org.eclipse.e4.ui.internal.workbench.swt.PartRenderingEngine$5.run(PartRenderingEngine.java:1151)
	at org.eclipse.core.databinding.observable.Realm.runWithDefault(Realm.java:339)
	at org.eclipse.e4.ui.internal.workbench.swt.PartRenderingEngine.run(PartRenderingEngine.java:1042)
	at org.eclipse.e4.ui.internal.workbench.E4Workbench.createAndRunUI(E4Workbench.java:153)
	at org.eclipse.ui.internal.Workbench.lambda$3(Workbench.java:639)
	at org.eclipse.core.databinding.observable.Realm.runWithDefault(Realm.java:339)
	at org.eclipse.ui.internal.Workbench.createAndRunWorkbench(Workbench.java:546)
	at org.eclipse.ui.PlatformUI.createAndRunWorkbench(PlatformUI.java:173)
	at org.jkiss.dbeaver.ui.app.standalone.DBeaverApplication.start(DBeaverApplication.java:293)
	at org.eclipse.equinox.internal.app.EclipseAppHandle.run(EclipseAppHandle.java:208)
	at org.eclipse.core.runtime.internal.adaptor.EclipseAppLauncher.runApplication(EclipseAppLauncher.java:143)
	at org.eclipse.core.runtime.internal.adaptor.EclipseAppLauncher.start(EclipseAppLauncher.java:109)
	at org.eclipse.core.runtime.adaptor.EclipseStarter.run(EclipseStarter.java:439)
	at org.eclipse.core.runtime.adaptor.EclipseStarter.run(EclipseStarter.java:271)
	at java.base/jdk.internal.reflect.NativeMethodAccessorImpl.invoke0(Native Method)
	at java.base/jdk.internal.reflect.NativeMethodAccessorImpl.invoke(Unknown Source)
	at java.base/jdk.internal.reflect.DelegatingMethodAccessorImpl.invoke(Unknown Source)
	at java.base/java.lang.reflect.Method.invoke(Unknown Source)
	at org.jkiss.dbeaver.launcher.DBeaverLauncher.invokeFramework(DBeaverLauncher.java:650)
	at org.jkiss.dbeaver.launcher.DBeaverLauncher.basicRun(DBeaverLauncher.java:610)
	at org.jkiss.dbeaver.launcher.DBeaverLauncher.run(DBeaverLauncher.java:1461)
	at org.jkiss.dbeaver.launcher.DBeaverLauncher.main(DBeaverLauncher.java:1434)
2025-03-16 15:38:24.911 - Table 'view_metrics_best_epoch' not found in metadata catalog
2025-03-16 15:38:24.912 - Table 'view_metrics_best_epoch' not found in metadata catalog
2025-03-16 15:38:24.912 - Table 'view_metrics_best_epoch' not found in metadata catalog
2025-03-16 15:38:24.912 - Table 'view_metrics_best_epoch' not found in metadata catalog
2025-03-16 15:38:24.912 - Table 'view_metrics_best_epoch' not found in metadata catalog
2025-03-16 15:38:24.912 - Table 'view_test_metrics' not found in metadata catalog
2025-03-16 15:38:24.912 - Table 'view_test_metrics' not found in metadata catalog
2025-03-16 15:38:24.912 - Table 'view_test_metrics' not found in metadata catalog
2025-03-16 15:38:24.912 - Table 'view_test_metrics' not found in metadata catalog
2025-03-16 15:39:57.949 - Cannot bind attribute 'test_loss'
2025-03-16 15:39:57.949 - Cannot bind attribute 'test_Accuracy'
2025-03-16 15:39:57.949 - Cannot bind attribute 'test_Accuracy_seq'
2025-03-16 15:39:57.949 - Cannot bind attribute 'test_F1'
2025-03-16 15:40:18.985 - Cannot bind attribute 'train_Accuracy'
2025-03-16 15:40:18.985 - Cannot bind attribute 'train_Accuracy_seq'
2025-03-16 15:40:18.985 - Cannot bind attribute 'train_F1'
2025-03-16 15:40:18.985 - Cannot bind attribute 'train_ce_loss'
2025-03-16 15:40:18.985 - Cannot bind attribute 'train_loss'
2025-03-16 15:40:18.985 - Cannot bind attribute 'valid_Accuracy'
2025-03-16 15:40:18.985 - Cannot bind attribute 'valid_Accuracy_seq'
2025-03-16 15:40:18.985 - Cannot bind attribute 'valid_F1'
2025-03-16 15:40:18.985 - Cannot bind attribute 'valid_ce_loss'
2025-03-16 15:40:18.985 - Cannot bind attribute 'valid_loss'
2025-03-16 15:40:23.468 - Cannot bind attribute 'train_Accuracy'
2025-03-16 15:40:23.468 - Cannot bind attribute 'train_Accuracy_seq'
2025-03-16 15:40:23.468 - Cannot bind attribute 'train_F1'
2025-03-16 15:40:23.468 - Cannot bind attribute 'train_ce_loss'
2025-03-16 15:40:23.468 - Cannot bind attribute 'train_loss'
2025-03-16 15:40:23.468 - Cannot bind attribute 'valid_Accuracy'
2025-03-16 15:40:23.468 - Cannot bind attribute 'valid_Accuracy_seq'
2025-03-16 15:40:23.469 - Cannot bind attribute 'valid_F1'
2025-03-16 15:40:23.469 - Cannot bind attribute 'valid_ce_loss'
2025-03-16 15:40:23.469 - Cannot bind attribute 'valid_loss'
2025-03-16 15:40:36.016 - SQL Error [1]: [SQLITE_ERROR] SQL error or missing database (view view_metrics_best_epoch already exists)
org.jkiss.dbeaver.model.sql.DBSQLException: SQL Error [1]: [SQLITE_ERROR] SQL error or missing database (view view_metrics_best_epoch already exists)
	at org.jkiss.dbeaver.model.impl.jdbc.exec.JDBCStatementImpl.executeStatement(JDBCStatementImpl.java:130)
	at org.jkiss.dbeaver.ui.editors.sql.execute.SQLQueryJob.executeStatement(SQLQueryJob.java:631)
	at org.jkiss.dbeaver.ui.editors.sql.execute.SQLQueryJob.lambda$2(SQLQueryJob.java:522)
	at org.jkiss.dbeaver.model.exec.DBExecUtils.tryExecuteRecover(DBExecUtils.java:192)
	at org.jkiss.dbeaver.ui.editors.sql.execute.SQLQueryJob.executeSingleQuery(SQLQueryJob.java:541)
	at org.jkiss.dbeaver.ui.editors.sql.execute.SQLQueryJob.extractData(SQLQueryJob.java:1001)
	at org.jkiss.dbeaver.ui.editors.sql.SQLEditor$QueryResultsContainer.readData(SQLEditor.java:4237)
	at org.jkiss.dbeaver.ui.controls.resultset.ResultSetJobDataRead.lambda$0(ResultSetJobDataRead.java:128)
	at org.jkiss.dbeaver.model.exec.DBExecUtils.tryExecuteRecover(DBExecUtils.java:192)
	at org.jkiss.dbeaver.ui.controls.resultset.ResultSetJobDataRead.run(ResultSetJobDataRead.java:126)
	at org.jkiss.dbeaver.ui.controls.resultset.ResultSetViewer$ResultSetDataPumpJob.run(ResultSetViewer.java:5166)
	at org.jkiss.dbeaver.model.runtime.AbstractJob.run(AbstractJob.java:117)
	at org.eclipse.core.internal.jobs.Worker.run(Worker.java:63)
Caused by: org.sqlite.SQLiteException: [SQLITE_ERROR] SQL error or missing database (view view_metrics_best_epoch already exists)
	at org.sqlite.core.DB.newSQLException(DB.java:1179)
	at org.sqlite.core.DB.newSQLException(DB.java:1190)
	at org.sqlite.core.DB.throwex(DB.java:1150)
	at org.sqlite.core.NativeDB.prepare_utf8(Native Method)
	at org.sqlite.core.NativeDB.prepare(NativeDB.java:135)
	at org.sqlite.core.DB.prepare(DB.java:264)
	at org.sqlite.jdbc3.JDBC3Statement.lambda$execute$0(JDBC3Statement.java:55)
	at org.sqlite.jdbc3.JDBC3Statement.withConnectionTimeout(JDBC3Statement.java:458)
	at org.sqlite.jdbc3.JDBC3Statement.execute(JDBC3Statement.java:44)
	at org.jkiss.dbeaver.model.impl.jdbc.exec.JDBCStatementImpl.execute(JDBCStatementImpl.java:335)
	at org.jkiss.dbeaver.model.impl.jdbc.exec.JDBCStatementImpl.executeStatement(JDBCStatementImpl.java:128)
	... 12 more
2025-03-16 15:41:05.353 - Cannot bind attribute 'train_Accuracy'
2025-03-16 15:41:05.353 - Cannot bind attribute 'train_Accuracy_seq'
2025-03-16 15:41:05.354 - Cannot bind attribute 'train_F1'
2025-03-16 15:41:05.354 - Cannot bind attribute 'train_ce_loss'
2025-03-16 15:41:05.354 - Cannot bind attribute 'train_loss'
2025-03-16 15:41:05.354 - Cannot bind attribute 'valid_Accuracy'
2025-03-16 15:41:05.354 - Cannot bind attribute 'valid_Accuracy_seq'
2025-03-16 15:41:05.354 - Cannot bind attribute 'valid_F1'
2025-03-16 15:41:05.354 - Cannot bind attribute 'valid_ce_loss'
2025-03-16 15:41:05.354 - Cannot bind attribute 'valid_loss'
2025-03-16 15:42:34.427 - SQL Error [1]: [SQLITE_ERROR] SQL error or missing database (no such column: mkey)
org.jkiss.dbeaver.model.sql.DBSQLException: SQL Error [1]: [SQLITE_ERROR] SQL error or missing database (no such column: mkey)
	at org.jkiss.dbeaver.model.impl.jdbc.exec.JDBCStatementImpl.executeStatement(JDBCStatementImpl.java:130)
	at org.jkiss.dbeaver.ui.editors.sql.execute.SQLQueryJob.executeStatement(SQLQueryJob.java:631)
	at org.jkiss.dbeaver.ui.editors.sql.execute.SQLQueryJob.lambda$2(SQLQueryJob.java:522)
	at org.jkiss.dbeaver.model.exec.DBExecUtils.tryExecuteRecover(DBExecUtils.java:192)
	at org.jkiss.dbeaver.ui.editors.sql.execute.SQLQueryJob.executeSingleQuery(SQLQueryJob.java:541)
	at org.jkiss.dbeaver.ui.editors.sql.execute.SQLQueryJob.extractData(SQLQueryJob.java:1001)
	at org.jkiss.dbeaver.ui.editors.sql.SQLEditor$QueryResultsContainer.readData(SQLEditor.java:4237)
	at org.jkiss.dbeaver.ui.controls.resultset.ResultSetJobDataRead.lambda$0(ResultSetJobDataRead.java:128)
	at org.jkiss.dbeaver.model.exec.DBExecUtils.tryExecuteRecover(DBExecUtils.java:192)
	at org.jkiss.dbeaver.ui.controls.resultset.ResultSetJobDataRead.run(ResultSetJobDataRead.java:126)
	at org.jkiss.dbeaver.ui.controls.resultset.ResultSetViewer$ResultSetDataPumpJob.run(ResultSetViewer.java:5166)
	at org.jkiss.dbeaver.model.runtime.AbstractJob.run(AbstractJob.java:117)
	at org.eclipse.core.internal.jobs.Worker.run(Worker.java:63)
Caused by: org.sqlite.SQLiteException: [SQLITE_ERROR] SQL error or missing database (no such column: mkey)
	at org.sqlite.core.DB.newSQLException(DB.java:1179)
	at org.sqlite.core.DB.newSQLException(DB.java:1190)
	at org.sqlite.core.DB.throwex(DB.java:1150)
	at org.sqlite.core.NativeDB.prepare_utf8(Native Method)
	at org.sqlite.core.NativeDB.prepare(NativeDB.java:135)
	at org.sqlite.core.DB.prepare(DB.java:264)
	at org.sqlite.jdbc3.JDBC3Statement.lambda$execute$0(JDBC3Statement.java:55)
	at org.sqlite.jdbc3.JDBC3Statement.withConnectionTimeout(JDBC3Statement.java:458)
	at org.sqlite.jdbc3.JDBC3Statement.execute(JDBC3Statement.java:44)
	at org.jkiss.dbeaver.model.impl.jdbc.exec.JDBCStatementImpl.execute(JDBCStatementImpl.java:335)
	at org.jkiss.dbeaver.model.impl.jdbc.exec.JDBCStatementImpl.executeStatement(JDBCStatementImpl.java:128)
	... 12 more
2025-03-16 15:42:58.058 - SWT resource leak detected
java.lang.Error: SWT Resource was not properly disposed
	at org.eclipse.swt.graphics.Resource.initNonDisposeTracking(Resource.java:172)
	at org.eclipse.swt.graphics.Resource.<init>(Resource.java:120)
	at org.eclipse.swt.graphics.Font.<init>(Font.java:109)
	at org.eclipse.jface.resource.ArrayFontDescriptor.createFont(ArrayFontDescriptor.java:78)
	at org.jkiss.dbeaver.ui.editors.sql.dialogs.SuggestionInformationControl.createContent(SuggestionInformationControl.java:93)
	at org.eclipse.jface.text.AbstractInformationControl.create(AbstractInformationControl.java:454)
	at org.jkiss.dbeaver.ui.editors.sql.dialogs.SuggestionInformationControl.<init>(SuggestionInformationControl.java:75)
	at org.jkiss.dbeaver.ui.editors.sql.dialogs.SuggestionInformationControlCreator.createInformationControl(SuggestionInformationControlCreator.java:28)
	at org.eclipse.jface.text.AbstractInformationControlManager.getInformationControl(AbstractInformationControlManager.java:829)
	at org.eclipse.jface.text.AbstractInformationControlManager.internalShowInformationControl(AbstractInformationControlManager.java:1138)
	at org.eclipse.jface.text.AbstractInformationControlManager.presentInformation(AbstractInformationControlManager.java:1120)
	at org.eclipse.jface.text.AbstractInformationControlManager.setInformation(AbstractInformationControlManager.java:431)
	at org.eclipse.jface.text.contentassist.AdditionalInfoController.computeInformation(AdditionalInfoController.java:567)
	at org.eclipse.jface.text.AbstractInformationControlManager.doShowInformation(AbstractInformationControlManager.java:1101)
	at org.eclipse.jface.text.AbstractInformationControlManager.showInformation(AbstractInformationControlManager.java:1091)
	at org.eclipse.jface.text.contentassist.AdditionalInfoController.showInformation(AdditionalInfoController.java:541)
	at org.eclipse.jface.text.contentassist.AdditionalInfoController$1.showInformation(AdditionalInfoController.java:478)
	at org.eclipse.jface.text.contentassist.AdditionalInfoController$Timer.lambda$1(AdditionalInfoController.java:362)
	at org.eclipse.swt.widgets.RunnableLock.run(RunnableLock.java:40)
	at org.eclipse.swt.widgets.Synchronizer.runAsyncMessages(Synchronizer.java:132)
	at org.eclipse.swt.widgets.Display.runAsyncMessages(Display.java:5040)
	at org.eclipse.swt.widgets.Display.readAndDispatch(Display.java:4520)
	at org.eclipse.e4.ui.internal.workbench.swt.PartRenderingEngine$5.run(PartRenderingEngine.java:1151)
	at org.eclipse.core.databinding.observable.Realm.runWithDefault(Realm.java:339)
	at org.eclipse.e4.ui.internal.workbench.swt.PartRenderingEngine.run(PartRenderingEngine.java:1042)
	at org.eclipse.e4.ui.internal.workbench.E4Workbench.createAndRunUI(E4Workbench.java:153)
	at org.eclipse.ui.internal.Workbench.lambda$3(Workbench.java:639)
	at org.eclipse.core.databinding.observable.Realm.runWithDefault(Realm.java:339)
	at org.eclipse.ui.internal.Workbench.createAndRunWorkbench(Workbench.java:546)
	at org.eclipse.ui.PlatformUI.createAndRunWorkbench(PlatformUI.java:173)
	at org.jkiss.dbeaver.ui.app.standalone.DBeaverApplication.start(DBeaverApplication.java:293)
	at org.eclipse.equinox.internal.app.EclipseAppHandle.run(EclipseAppHandle.java:208)
	at org.eclipse.core.runtime.internal.adaptor.EclipseAppLauncher.runApplication(EclipseAppLauncher.java:143)
	at org.eclipse.core.runtime.internal.adaptor.EclipseAppLauncher.start(EclipseAppLauncher.java:109)
	at org.eclipse.core.runtime.adaptor.EclipseStarter.run(EclipseStarter.java:439)
	at org.eclipse.core.runtime.adaptor.EclipseStarter.run(EclipseStarter.java:271)
	at java.base/jdk.internal.reflect.NativeMethodAccessorImpl.invoke0(Native Method)
	at java.base/jdk.internal.reflect.NativeMethodAccessorImpl.invoke(Unknown Source)
	at java.base/jdk.internal.reflect.DelegatingMethodAccessorImpl.invoke(Unknown Source)
	at java.base/java.lang.reflect.Method.invoke(Unknown Source)
	at org.jkiss.dbeaver.launcher.DBeaverLauncher.invokeFramework(DBeaverLauncher.java:650)
	at org.jkiss.dbeaver.launcher.DBeaverLauncher.basicRun(DBeaverLauncher.java:610)
	at org.jkiss.dbeaver.launcher.DBeaverLauncher.run(DBeaverLauncher.java:1461)
	at org.jkiss.dbeaver.launcher.DBeaverLauncher.main(DBeaverLauncher.java:1434)
2025-03-16 21:07:38.959 - Execution context closed (mlruns.db, 3)
2025-03-16 21:07:39.056 - Disconnected (sqlite_jdbc-193fadf9400-32aa4d84af8421d7)
2025-03-17 12:52:20.966 - Dispose navigator model
2025-03-17 12:52:21.005 - DBeaver is stopping
2025-03-17 12:52:21.007 - Stop instance server
2025-03-17 12:52:22.016 - Instance server has been stopped
2025-03-17 12:52:22.016 - DBeaver shutdown completed
