2025-03-01 19:08:24.434 - DBeaver 24.2.4.202411031831 is starting
2025-03-01 19:08:24.434 - OS: Linux 6.8.0-40-generic (amd64)
2025-03-01 19:08:24.434 - Java version: 17.0.6 by Eclipse Adoptium (64bit)
2025-03-01 19:08:24.435 - Install path: '/usr/share/dbeaver-ce'
2025-03-01 19:08:24.435 - Instance path: 'file:/home/guillermo/Documents/SINC/Research/RNA/AEseq2seq/metric_analysis/'
2025-03-01 19:08:24.437 - Memory available 64Mb/1024Mb
2025-03-01 19:08:24.445 - Create display
2025-03-01 19:08:24.587 - Starting instance server at http://localhost:41797
2025-03-01 19:08:24.593 - Run workbench
> Start Eclipse e4 Workbench SWT [org.eclipse.e4.ui.workbench.swt 0.17.500.v20240807-0911]
> Start Eclipse Application Services [org.eclipse.e4.core.services 2.4.400.v20240413-1529]
> Start Eclipse UI Application Services [org.eclipse.e4.ui.services 1.6.300.v20231201-1637]
> Start Eclipse e4 Progress View [org.eclipse.e4.ui.progress 0.4.600.v20240606-1020]
> Start Eclipse Bindings Support [org.eclipse.e4.ui.bindings 0.14.400.v20240321-1245]
> Start Eclipse e4 core commands [org.eclipse.e4.core.commands 1.1.400.v20240424-0444]
> Start EMF XML/XMI Persistence [org.eclipse.emf.ecore.xmi 2.38.0.v20240721-0634]
> Start Eclipse CSS SWT Theme Support [org.eclipse.e4.ui.css.swt.theme 0.14.400.v20240424-0956]
> Start Eclipse e4 Workbench Add-ons [org.eclipse.e4.ui.workbench.addons.swt 1.5.500.v20240620-1945]
> Start Eclipse e4 Workbench SWT Renderer [org.eclipse.e4.ui.workbench.renderers.swt 0.16.500.v20240727-1037]
> Start Eclipse Dependency Injection Extensions [org.eclipse.e4.core.di.extensions 0.18.300.v20240413-1529]
> Start Eclipse CSS SWT Support [org.eclipse.e4.ui.css.swt 0.15.400.v20240321-1245]
> Start Default Text Editor [org.eclipse.ui.editors 3.18.0.v20240807-0735]
> Start Text Editor Framework [org.eclipse.ui.workbench.texteditor 3.18.0.v20240819-1419]
2025-03-01 19:08:26.148 - Configure workbench window
> Start DBeaver SQL Model [org.jkiss.dbeaver.model.sql 1.0.132.202411031831]
2025-03-01 19:08:26.341 - Total database drivers: 119 (119)
> Start Help System Core [org.eclipse.help 3.10.400.v20240415-0528]
2025-03-01 19:08:26.445 - Create actions
2025-03-01 19:08:26.451 - Disable Eclipse action set 'org.eclipse.ui.edit.text.actionSet.annotationNavigation'
2025-03-01 19:08:26.451 - Disable Eclipse action set 'org.eclipse.ui.WorkingSetActionSet'
2025-03-01 19:08:26.451 - Disable Eclipse action set 'org.eclipse.ui.actionSet.openFiles'
2025-03-01 19:08:26.452 - Create workbench actions
2025-03-01 19:08:26.848 - Initialize workbench window
2025-03-01 19:08:26.854 - Finish initialization
> Start DBeaver UI Editors - Data [org.jkiss.dbeaver.ui.editors.data 1.0.142.202411031831]
> Start DBeaver UI Editors - SQL [org.jkiss.dbeaver.ui.editors.sql 1.0.142.202411031831]
> Start DBeaver SQL Terminal [org.jkiss.dbeaver.ui.editors.sql.terminal 1.0.118.202411031831]
> Start Core Compare Support [org.eclipse.compare.core 3.8.500.v20240524-2010]
> Start Internet Connection Management UI [org.eclipse.ui.net 1.5.400.v20240413-1529]
> Start Internet Connection Management [org.eclipse.core.net 1.5.500.v20240625-1706]
> Start DBeaver Sample Database [org.jkiss.dbeaver.ext.sample.database 1.0.179.202411031831]
> Start DBeaver Tip of the day [org.jkiss.dbeaver.ext.ui.tipoftheday 1.0.148.202411031831]
> Start GEF Classic Draw2d [org.eclipse.draw2d 3.17.0.202409021815]
> Start GEF Classic GEF (MVC) [org.eclipse.gef 3.19.0.202409021815]
> Start DBeaver ERD UI [org.jkiss.dbeaver.erd.ui 3.0.102.202411031831]
> Start DBeaver ERD Model [org.jkiss.dbeaver.erd.model 1.0.102.202411031831]
> Start DBeaver Dashboard UI [org.jkiss.dbeaver.ui.dashboard 1.0.139.202411031831]
> Start DBeaver UI Editors - Connections [org.jkiss.dbeaver.ui.editors.connection 1.0.133.202411031831]
> Start Console [org.eclipse.ui.console 3.14.100.v20240429-1358]
> Start Debug Core [org.eclipse.debug.core 3.21.500.v20240801-2219]
2025-03-01 19:08:29.811 - Connect with 'mlruns.db' (sqlite_jdbc-193fadf9400-32aa4d84af8421d7)
> Start DBeaver JDBC Model [org.jkiss.dbeaver.model.jdbc 1.0.35.202411031831]
> Start DBeaver Generic Plug-in [org.jkiss.dbeaver.ext.generic 2.3.228.202411031831]
> Start DBeaver SQLite Model [org.jkiss.dbeaver.ext.sqlite 1.0.191.202411031831]
2025-03-01 19:08:29.894 - Execution context opened (mlruns.db; Main; 0)
> Start DBeaver SQL Language Semantic Model [org.jkiss.dbeaver.model.lsm 1.0.37.202411031831]
2025-03-01 19:08:30.131 - Connected (sqlite_jdbc-193fadf9400-32aa4d84af8421d7, SQLite JDBC [3.49.1.0])
> Start DBeaver Data Transfer [org.jkiss.dbeaver.data.transfer 2.0.126.202411031831]
> Start DBeaver Tasks - General UI [org.jkiss.dbeaver.tasks.ui 1.0.120.202411031831]
> Start Data Transfer UI [org.jkiss.dbeaver.data.transfer.ui 1.0.126.202411031831]
2025-03-01 19:08:51.941 - Export to the new file "/home/guillermo/Documents/SINC/Research/RNA/analysis/AEseq2seq/notebooks/from_db/Unet/selection/v4p_f0/params_best_epoch.csv"
2025-03-01 19:08:52.040 - 	Close output stream
> Start DBeaver Tasks - Native Tools [org.jkiss.dbeaver.tasks.native 1.0.120.202411031831]
2025-03-01 19:09:30.426 - Export to the new file "/home/guillermo/Documents/SINC/Research/RNA/analysis/AEseq2seq/notebooks/from_db/Unet/selection/v4p_f0/train_metrics.csv"
2025-03-01 19:09:31.097 - 	Close output stream
2025-03-02 12:25:18.201 - Execution context closed (mlruns.db, 0)
2025-03-02 12:25:18.225 - Disconnected (sqlite_jdbc-193fadf9400-32aa4d84af8421d7)
2025-03-02 16:07:48.665 - Connect with 'mlruns.db' (sqlite_jdbc-193fadf9400-32aa4d84af8421d7)
2025-03-02 16:07:48.692 - Execution context opened (mlruns.db; Main; 1)
2025-03-02 16:07:48.742 - Connected (sqlite_jdbc-193fadf9400-32aa4d84af8421d7, SQLite JDBC [3.49.1.0])
2025-03-02 16:07:58.388 - Export to the new file "/home/guillermo/Documents/SINC/Research/RNA/analysis/AEseq2seq/notebooks/from_db/Unet/selection/v4p_f0/train_metrics.csv"
2025-03-02 16:07:59.088 - 	Close output stream
2025-03-02 16:08:23.723 - Export to the new file "/home/guillermo/Documents/SINC/Research/RNA/analysis/AEseq2seq/notebooks/from_db/Unet/selection/v4p_f0/params_best_epoch.csv"
2025-03-02 16:08:23.764 - 	Close output stream
2025-03-02 16:08:33.181 - Dispose navigator model
2025-03-02 16:08:33.276 - DBeaver is stopping
2025-03-02 16:08:33.277 - Stop instance server
2025-03-02 16:08:34.282 - Instance server has been stopped
2025-03-02 16:08:34.283 - DBeaver shutdown completed
