2025-03-01 12:08:29.030 - DBeaver 24.2.4.202411031831 is starting
2025-03-01 12:08:29.030 - OS: Linux 6.8.0-40-generic (amd64)
2025-03-01 12:08:29.031 - Java version: 17.0.6 by Eclipse Adoptium (64bit)
2025-03-01 12:08:29.031 - Install path: '/usr/share/dbeaver-ce'
2025-03-01 12:08:29.032 - Instance path: 'file:/home/guillermo/Documents/SINC/Research/RNA/AEseq2seq/metric_analysis/'
2025-03-01 12:08:29.034 - Memory available 64Mb/1024Mb
2025-03-01 12:08:29.035 - Create display
2025-03-01 12:08:29.507 - Error accessing instance server: java.net.ConnectException
2025-03-01 12:08:29.525 - Starting instance server at http://localhost:44363
2025-03-01 12:08:29.533 - Run workbench
> Start Eclipse e4 Workbench SWT [org.eclipse.e4.ui.workbench.swt 0.17.500.v20240807-0911]
> Start Eclipse Application Services [org.eclipse.e4.core.services 2.4.400.v20240413-1529]
> Start Eclipse UI Application Services [org.eclipse.e4.ui.services 1.6.300.v20231201-1637]
> Start Eclipse e4 Progress View [org.eclipse.e4.ui.progress 0.4.600.v20240606-1020]
> Start Eclipse Bindings Support [org.eclipse.e4.ui.bindings 0.14.400.v20240321-1245]
> Start Eclipse e4 core commands [org.eclipse.e4.core.commands 1.1.400.v20240424-0444]
> Start EMF XML/XMI Persistence [org.eclipse.emf.ecore.xmi 2.38.0.v20240721-0634]
> Start Eclipse CSS SWT Theme Support [org.eclipse.e4.ui.css.swt.theme 0.14.400.v20240424-0956]
> Start Eclipse e4 Workbench Add-ons [org.eclipse.e4.ui.workbench.addons.swt 1.5.500.v20240620-1945]
> Start Eclipse e4 Workbench SWT Renderer [org.eclipse.e4.ui.workbench.renderers.swt 0.16.500.v20240727-1037]
> Start Eclipse Dependency Injection Extensions [org.eclipse.e4.core.di.extensions 0.18.300.v20240413-1529]
> Start Eclipse CSS SWT Support [org.eclipse.e4.ui.css.swt 0.15.400.v20240321-1245]
> Start Default Text Editor [org.eclipse.ui.editors 3.18.0.v20240807-0735]
> Start Text Editor Framework [org.eclipse.ui.workbench.texteditor 3.18.0.v20240819-1419]
2025-03-01 12:08:31.755 - Configure workbench window
> Start DBeaver SQL Model [org.jkiss.dbeaver.model.sql 1.0.132.202411031831]
2025-03-01 12:08:31.973 - Total database drivers: 119 (119)
> Start Help System Core [org.eclipse.help 3.10.400.v20240415-0528]
2025-03-01 12:08:32.095 - Create actions
2025-03-01 12:08:32.118 - Disable Eclipse action set 'org.eclipse.ui.edit.text.actionSet.annotationNavigation'
2025-03-01 12:08:32.119 - Disable Eclipse action set 'org.eclipse.ui.WorkingSetActionSet'
2025-03-01 12:08:32.120 - Disable Eclipse action set 'org.eclipse.ui.actionSet.openFiles'
2025-03-01 12:08:32.120 - Create workbench actions
2025-03-01 12:08:32.683 - Initialize workbench window
2025-03-01 12:08:32.689 - Finish initialization
> Start DBeaver UI Editors - Data [org.jkiss.dbeaver.ui.editors.data 1.0.142.202411031831]
> Start DBeaver UI Editors - SQL [org.jkiss.dbeaver.ui.editors.sql 1.0.142.202411031831]
> Start DBeaver SQL Terminal [org.jkiss.dbeaver.ui.editors.sql.terminal 1.0.118.202411031831]
> Start Core Compare Support [org.eclipse.compare.core 3.8.500.v20240524-2010]
> Start Internet Connection Management UI [org.eclipse.ui.net 1.5.400.v20240413-1529]
> Start Internet Connection Management [org.eclipse.core.net 1.5.500.v20240625-1706]
> Start DBeaver Sample Database [org.jkiss.dbeaver.ext.sample.database 1.0.179.202411031831]
> Start DBeaver Tip of the day [org.jkiss.dbeaver.ext.ui.tipoftheday 1.0.148.202411031831]
> Start GEF Classic Draw2d [org.eclipse.draw2d 3.17.0.202409021815]
> Start GEF Classic GEF (MVC) [org.eclipse.gef 3.19.0.202409021815]
> Start DBeaver ERD UI [org.jkiss.dbeaver.erd.ui 3.0.102.202411031831]
> Start DBeaver ERD Model [org.jkiss.dbeaver.erd.model 1.0.102.202411031831]
> Start DBeaver Dashboard UI [org.jkiss.dbeaver.ui.dashboard 1.0.139.202411031831]
> Start DBeaver UI Editors - Connections [org.jkiss.dbeaver.ui.editors.connection 1.0.133.202411031831]
> Start Console [org.eclipse.ui.console 3.14.100.v20240429-1358]
> Start Debug Core [org.eclipse.debug.core 3.21.500.v20240801-2219]
> Start DBeaver JDBC Model [org.jkiss.dbeaver.model.jdbc 1.0.35.202411031831]
> Start DBeaver Generic Plug-in [org.jkiss.dbeaver.ext.generic 2.3.228.202411031831]
> Start DBeaver SQLite Model [org.jkiss.dbeaver.ext.sqlite 1.0.191.202411031831]
> Start DBeaver SQL Language Semantic Model [org.jkiss.dbeaver.model.lsm 1.0.37.202411031831]
2025-03-01 12:08:36.984 - Connect with 'mlruns.db' (sqlite_jdbc-193fadf9400-32aa4d84af8421d7)
2025-03-01 12:08:37.089 - Execution context opened (mlruns.db; Main; 0)
2025-03-01 12:08:37.368 - Open [https://dbeaver.io/product/version.xml]
2025-03-01 12:08:37.507 - Connected (sqlite_jdbc-193fadf9400-32aa4d84af8421d7, SQLite JDBC [3.49.1.0])
> Start DBeaver Data Transfer [org.jkiss.dbeaver.data.transfer 2.0.126.202411031831]
> Start DBeaver Tasks - General UI [org.jkiss.dbeaver.tasks.ui 1.0.120.202411031831]
> Start Data Transfer UI [org.jkiss.dbeaver.data.transfer.ui 1.0.126.202411031831]
2025-03-01 12:16:34.127 - Export to the new file "/home/guillermo/Documents/SINC/Research/RNA/analysis/AEseq2seq/notebooks/from_db/Unet/selection/v4p/train_metrics.csv"
2025-03-01 12:16:35.068 - 	Close output stream
> Start DBeaver Tasks - Native Tools [org.jkiss.dbeaver.tasks.native 1.0.120.202411031831]
2025-03-01 12:17:19.698 - Export to the new file "/home/guillermo/Documents/SINC/Research/RNA/analysis/AEseq2seq/notebooks/from_db/Unet/selection/v4p/params_best_epoch.csv"
2025-03-01 12:17:19.735 - 	Close output stream
2025-03-01 12:17:53.783 - Export to the new file "/home/guillermo/Documents/SINC/Research/RNA/analysis/AEseq2seq/notebooks/from_db/Unet/selection/v4p/params_best_epoch-1740842273782.csv"
2025-03-01 12:17:53.814 - 	Close output stream
2025-03-01 12:20:01.104 - Export to the new file "/home/guillermo/Documents/SINC/Research/RNA/analysis/AEseq2seq/notebooks/from_db/Unet/selection/v4c/train_metrics.csv"
2025-03-01 12:20:01.980 - 	Close output stream
2025-03-01 12:20:37.360 - Export to the new file "/home/guillermo/Documents/SINC/Research/RNA/analysis/AEseq2seq/notebooks/from_db/Unet/selection/v4p_f0/train_metrics.csv"
2025-03-01 12:20:38.190 - 	Close output stream
2025-03-01 12:21:10.271 - Export to the new file "/home/guillermo/Documents/SINC/Research/RNA/analysis/AEseq2seq/notebooks/from_db/Unet/selection/v4p_f0/params_best_epoch.csv"
2025-03-01 12:21:10.305 - 	Close output stream
2025-03-01 12:21:48.810 - Export to the new file "/home/guillermo/Documents/SINC/Research/RNA/analysis/AEseq2seq/notebooks/from_db/Unet/selection/v4p_e1/params_best_epoch.csv"
2025-03-01 12:21:48.839 - 	Close output stream
2025-03-01 12:22:06.050 - SQL Error [1]: [SQLITE_ERROR] SQL error or missing database (near ")": syntax error)
org.jkiss.dbeaver.model.sql.DBSQLException: SQL Error [1]: [SQLITE_ERROR] SQL error or missing database (near ")": syntax error)
	at org.jkiss.dbeaver.model.impl.jdbc.exec.JDBCStatementImpl.executeStatement(JDBCStatementImpl.java:130)
	at org.jkiss.dbeaver.ui.editors.sql.execute.SQLQueryJob.executeStatement(SQLQueryJob.java:631)
	at org.jkiss.dbeaver.ui.editors.sql.execute.SQLQueryJob.lambda$2(SQLQueryJob.java:522)
	at org.jkiss.dbeaver.model.exec.DBExecUtils.tryExecuteRecover(DBExecUtils.java:192)
	at org.jkiss.dbeaver.ui.editors.sql.execute.SQLQueryJob.executeSingleQuery(SQLQueryJob.java:541)
	at org.jkiss.dbeaver.ui.editors.sql.execute.SQLQueryJob.extractData(SQLQueryJob.java:1001)
	at org.jkiss.dbeaver.ui.editors.sql.SQLEditor$QueryResultsContainer.readData(SQLEditor.java:4237)
	at org.jkiss.dbeaver.ui.controls.resultset.ResultSetJobDataRead.lambda$0(ResultSetJobDataRead.java:128)
	at org.jkiss.dbeaver.model.exec.DBExecUtils.tryExecuteRecover(DBExecUtils.java:192)
	at org.jkiss.dbeaver.ui.controls.resultset.ResultSetJobDataRead.run(ResultSetJobDataRead.java:126)
	at org.jkiss.dbeaver.ui.controls.resultset.ResultSetViewer$ResultSetDataPumpJob.run(ResultSetViewer.java:5166)
	at org.jkiss.dbeaver.model.runtime.AbstractJob.run(AbstractJob.java:117)
	at org.eclipse.core.internal.jobs.Worker.run(Worker.java:63)
Caused by: org.sqlite.SQLiteException: [SQLITE_ERROR] SQL error or missing database (near ")": syntax error)
	at org.sqlite.core.DB.newSQLException(DB.java:1179)
	at org.sqlite.core.DB.newSQLException(DB.java:1190)
	at org.sqlite.core.DB.throwex(DB.java:1150)
	at org.sqlite.core.NativeDB.prepare_utf8(Native Method)
	at org.sqlite.core.NativeDB.prepare(NativeDB.java:135)
	at org.sqlite.core.DB.prepare(DB.java:264)
	at org.sqlite.jdbc3.JDBC3Statement.lambda$execute$0(JDBC3Statement.java:55)
	at org.sqlite.jdbc3.JDBC3Statement.withConnectionTimeout(JDBC3Statement.java:458)
	at org.sqlite.jdbc3.JDBC3Statement.execute(JDBC3Statement.java:44)
	at org.jkiss.dbeaver.model.impl.jdbc.exec.JDBCStatementImpl.execute(JDBCStatementImpl.java:335)
	at org.jkiss.dbeaver.model.impl.jdbc.exec.JDBCStatementImpl.executeStatement(JDBCStatementImpl.java:128)
	... 12 more
2025-03-01 12:22:34.276 - Export to the new file "/home/guillermo/Documents/SINC/Research/RNA/analysis/AEseq2seq/notebooks/from_db/Unet/selection/v4p_e1/train_metrics.csv"
2025-03-01 12:22:35.054 - 	Close output stream
2025-03-01 12:23:56.698 - Cannot bind attribute 'arc_pool_stride_1'
2025-03-01 12:23:56.698 - Cannot bind attribute 'arc_pool_stride_2'
2025-03-01 12:23:56.699 - Cannot bind attribute 'arc_pool_kernel_1'
2025-03-01 12:23:56.699 - Cannot bind attribute 'arc_pool_kernel_2'
2025-03-01 12:23:56.699 - Cannot bind attribute 'batch'
2025-03-01 12:23:56.699 - Cannot bind attribute 'batch_size'
2025-03-01 12:23:56.699 - Cannot bind attribute 'cache_path'
2025-03-01 12:23:56.699 - Cannot bind attribute 'command'
2025-03-01 12:23:56.699 - Cannot bind attribute 'd'
2025-03-01 12:23:56.699 - Cannot bind attribute 'device'
2025-03-01 12:23:56.700 - Cannot bind attribute 'exp'
2025-03-01 12:23:56.700 - Cannot bind attribute 'global_config'
2025-03-01 12:23:56.700 - Cannot bind attribute 'hyp_embedding_dim'
2025-03-01 12:23:56.700 - Cannot bind attribute 'hyp_interaction_prior'
2025-03-01 12:23:56.700 - Cannot bind attribute 'hyp_negative_weight'
2025-03-01 12:23:56.700 - Cannot bind attribute 'hyp_lambda_l1'
2025-03-01 12:23:56.700 - Cannot bind attribute 'hyp_lambda_l2'
2025-03-01 12:23:56.700 - Cannot bind attribute 'j'
2025-03-01 12:23:56.701 - Cannot bind attribute 'max_epochs'
2025-03-01 12:23:56.701 - Cannot bind attribute 'max_len'
2025-03-01 12:23:56.701 - Cannot bind attribute 'max_length'
2025-03-01 12:23:56.701 - Cannot bind attribute 'no_cache'
2025-03-01 12:23:56.701 - Cannot bind attribute 'nworkers'
2025-03-01 12:23:56.701 - Cannot bind attribute 'quiet'
2025-03-01 12:23:56.701 - Cannot bind attribute 'run'
2025-03-01 12:23:56.701 - Cannot bind attribute 'train_file'
2025-03-01 12:23:56.701 - Cannot bind attribute 'valid_file'
2025-03-01 12:23:56.702 - Cannot bind attribute 'valid_split'
2025-03-01 12:23:56.702 - Cannot bind attribute 'verbose'
2025-03-01 12:26:20.136 - Text parser rule inconsistency: rule failed and the scanned should have been fallbacked, but the current offset is different after attempt to evaluate org.jkiss.dbeaver.model.text.parser.rules.MultiLineRule@3109fbb8
2025-03-01 12:27:23.944 - Export to the new file "/home/guillermo/Documents/SINC/Research/RNA/analysis/AEseq2seq/notebooks/from_db/Unet/selection/v4p_e1/train_metrics-1740842843936.csv"
2025-03-01 12:27:23.968 - 	Close output stream
2025-03-01 12:27:45.826 - Export to the new file "/home/guillermo/Documents/SINC/Research/RNA/analysis/AEseq2seq/notebooks/from_db/Unet/selection/v4p_f0/train_metrics-1740842865825.csv"
2025-03-01 12:27:45.857 - 	Close output stream
2025-03-01 12:28:12.280 - Export to the new file "/home/guillermo/Documents/SINC/Research/RNA/analysis/AEseq2seq/notebooks/from_db/Unet/selection/v4c/train_metrics-1740842892280.csv"
2025-03-01 12:28:12.314 - 	Close output stream
2025-03-01 12:28:34.459 - Export to the new file "/home/guillermo/Documents/SINC/Research/RNA/analysis/AEseq2seq/notebooks/from_db/Unet/selection/v4p/train_metrics-1740842914458.csv"
2025-03-01 12:28:34.490 - 	Close output stream
2025-03-01 12:29:06.257 - Dispose navigator model
2025-03-01 12:29:06.328 - DBeaver is stopping
2025-03-01 12:29:06.329 - Stop instance server
2025-03-01 12:29:07.330 - Instance server has been stopped
2025-03-01 12:29:07.331 - DBeaver shutdown completed
